[2026-05-08 22:25:47.321] [INIT] Iniciando compilacion...
[2026-05-08 22:25:47.366] [INIT] Archivo fuente cargado (28 KB)
[2026-05-08 22:25:47.371] [INIT] Compilando con Add-Type...
[2026-05-08 22:25:47.821] [OK] Compilacion exitosa
[2026-05-08 22:25:47.825] [INIT] Buscando tipos compilados...
[2026-05-08 22:25:47.858] [OK] Tipo Program encontrado
[2026-05-08 22:25:47.864] [OK] Tipo BusinessForm encontrado
[2026-05-08 22:25:47.866] [OK] Tipo BusinessData encontrado
[2026-05-08 22:25:47.877] [INIT] Cargando config desde: C:\Users\joanc\Downloads\Nueva carpeta (6)\scripts\ia_juris_business_launcher.config.json
[2026-05-08 22:25:47.884] [INIT] Config existe: True
[2026-05-08 22:25:47.899] [INIT] Invocando LoadConfig...
[2026-05-08 22:25:47.984] [OK] Config cargada: RefreshSeconds=5, UsersReportUrl=https://ia-juris-app.vercel.app/api/auth/users-report
[2026-05-08 22:25:47.992] [INIT] Configurando Application.EnableVisualStyles()...
[2026-05-08 22:25:48.010] [OK] Application configurada
[2026-05-08 22:25:48.010] [INIT] Creando instancia de BusinessForm...
[2026-05-08 22:25:48.083] [OK] BusinessForm creada (tipo: BusinessForm)
[2026-05-08 22:25:48.093] [OK] BusinessForm es valido: Text=IA Juris - Control Comercial, Size=1180x740
[2026-05-08 22:25:48.096] [INIT] Ejecutando Application.Run()...
[2026-05-08 22:25:48.099] [INIT] Thread: 14, IsBackground: False
[2026-05-08 22:26:49.037] [INIT] Iniciando compilacion...
[2026-05-08 22:26:49.060] [INIT] Archivo fuente cargado (28 KB)
[2026-05-08 22:26:49.063] [INIT] Compilando con Add-Type...
[2026-05-08 22:26:49.447] [OK] Compilacion exitosa
[2026-05-08 22:26:49.449] [INIT] Buscando tipos compilados...
[2026-05-08 22:26:49.473] [OK] Tipo Program encontrado
[2026-05-08 22:26:49.487] [OK] Tipo BusinessForm encontrado
[2026-05-08 22:26:49.496] [OK] Tipo BusinessData encontrado
[2026-05-08 22:26:49.508] [INIT] Cargando config desde: C:\Users\joanc\Downloads\Nueva carpeta (6)\scripts\ia_juris_business_launcher.config.json
[2026-05-08 22:26:49.515] [INIT] Config existe: True
[2026-05-08 22:26:49.540] [INIT] Invocando LoadConfig...
[2026-05-08 22:26:49.627] [OK] Config cargada: RefreshSeconds=5, UsersReportUrl=https://ia-juris-app.vercel.app/api/auth/users-report
[2026-05-08 22:26:49.629] [INIT] Configurando Application.EnableVisualStyles()...
[2026-05-08 22:26:49.646] [OK] Application configurada
[2026-05-08 22:26:49.648] [INIT] Creando instancia de BusinessForm...
[2026-05-08 22:26:49.777] [OK] BusinessForm creada (tipo: BusinessForm)
[2026-05-08 22:26:49.789] [OK] BusinessForm es valido: Text=IA Juris - Control Comercial, Size=1180x740
[2026-05-08 22:26:49.796] [INIT] Ejecutando Application.Run()...
[2026-05-08 22:26:49.800] [INIT] Thread: 14, IsBackground: False
[2026-05-08 22:27:18.113] [INIT] Iniciando compilacion...
[2026-05-08 22:27:18.136] [INIT] Archivo fuente cargado (28 KB)
[2026-05-08 22:27:18.139] [INIT] Compilando con Add-Type...
[2026-05-08 22:27:18.414] [OK] Compilacion exitosa
[2026-05-08 22:27:18.417] [INIT] Buscando tipos compilados...
[2026-05-08 22:27:18.427] [OK] Tipo Program encontrado
[2026-05-08 22:27:18.433] [OK] Tipo BusinessForm encontrado
[2026-05-08 22:27:18.434] [OK] Tipo BusinessData encontrado
[2026-05-08 22:27:18.439] [INIT] Cargando config desde: C:\Users\joanc\Downloads\Nueva carpeta (6)\scripts\ia_juris_business_launcher.config.json
[2026-05-08 22:27:18.444] [INIT] Config existe: True
[2026-05-08 22:27:18.455] [INIT] Invocando LoadConfig...
[2026-05-08 22:27:18.495] [OK] Config cargada: RefreshSeconds=5, UsersReportUrl=https://ia-juris-app.vercel.app/api/auth/users-report
[2026-05-08 22:27:18.502] [INIT] Configurando Application.EnableVisualStyles()...
[2026-05-08 22:27:18.513] [OK] Application configurada
[2026-05-08 22:27:18.514] [INIT] Creando instancia de BusinessForm...
[2026-05-08 22:27:18.557] [OK] BusinessForm creada (tipo: BusinessForm)
[2026-05-08 22:27:18.562] [OK] BusinessForm es valido: Text=IA Juris - Control Comercial, Size=1180x740
[2026-05-08 22:27:18.567] [INIT] Ejecutando Application.Run()...
[2026-05-08 22:27:18.573] [INIT] Thread: 14, IsBackground: False
[2026-05-08 22:27:52.423] [INIT] Iniciando compilacion...
[2026-05-08 22:27:52.448] [INIT] Archivo fuente cargado (28 KB)
[2026-05-08 22:27:52.455] [INIT] Compilando con Add-Type...
[2026-05-08 22:27:52.702] [OK] Compilacion exitosa
[2026-05-08 22:27:52.702] [INIT] Buscando tipos compilados...
[2026-05-08 22:27:52.719] [OK] Tipo Program encontrado
[2026-05-08 22:27:52.719] [OK] Tipo BusinessForm encontrado
[2026-05-08 22:27:52.726] [OK] Tipo BusinessData encontrado
[2026-05-08 22:27:52.737] [INIT] Cargando config desde: C:\Users\joanc\Downloads\Nueva carpeta (6)\scripts\ia_juris_business_launcher.config.json
[2026-05-08 22:27:52.741] [INIT] Config existe: True
[2026-05-08 22:27:52.754] [INIT] Invocando LoadConfig...
[2026-05-08 22:27:52.804] [OK] Config cargada: RefreshSeconds=5, UsersReportUrl=https://ia-juris-app.vercel.app/api/auth/users-report
[2026-05-08 22:27:52.804] [INIT] Configurando Application.EnableVisualStyles()...
[2026-05-08 22:27:52.820] [OK] Application configurada
[2026-05-08 22:27:52.820] [INIT] Creando instancia de BusinessForm...
[2026-05-08 22:27:52.910] [OK] BusinessForm creada (tipo: BusinessForm)
[2026-05-08 22:27:52.923] [OK] BusinessForm es valido: Text=IA Juris - Control Comercial, Size=1180x740
[2026-05-08 22:27:52.925] [INIT] Ejecutando Application.Run()...
[2026-05-08 22:27:52.936] [INIT] Thread: 14, IsBackground: False
[2026-05-08 22:30:02.634] [INIT] Iniciando compilacion...
[2026-05-08 22:30:02.665] [INIT] Archivo fuente cargado (28 KB)
[2026-05-08 22:30:02.665] [INIT] Compilando con Add-Type...
[2026-05-08 22:30:03.220] [OK] Compilacion exitosa
[2026-05-08 22:30:03.230] [INIT] Buscando tipos compilados...
[2026-05-08 22:30:03.250] [OK] Tipo Program encontrado
[2026-05-08 22:30:03.255] [OK] Tipo BusinessForm encontrado
[2026-05-08 22:30:03.257] [OK] Tipo BusinessData encontrado
[2026-05-08 22:30:03.262] [INIT] Cargando config desde: C:\Users\joanc\Downloads\Nueva carpeta (6)\scripts\ia_juris_business_launcher.config.json
[2026-05-08 22:30:03.272] [INIT] Config existe: True
[2026-05-08 22:30:03.285] [INIT] Invocando LoadConfig...
[2026-05-08 22:30:03.336] [OK] Config cargada: RefreshSeconds=5, UsersReportUrl=https://ia-juris-app.vercel.app/api/auth/users-report
[2026-05-08 22:30:03.345] [INIT] Configurando Application.EnableVisualStyles()...
[2026-05-08 22:30:03.350] [OK] Application configurada
[2026-05-08 22:30:03.350] [INIT] Creando instancia de BusinessForm...
[2026-05-08 22:30:03.458] [OK] BusinessForm creada (tipo: BusinessForm)
[2026-05-08 22:30:03.473] [OK] BusinessForm es valido: Text=IA Juris - Control Comercial, Size=1180x740
[2026-05-08 22:30:03.473] [INIT] Ejecutando Application.Run()...
[2026-05-08 22:30:03.479] [INIT] Thread: 14, IsBackground: False
[2026-05-08 22:30:58.038] [INIT] Iniciando compilacion...
[2026-05-08 22:30:58.066] [INIT] Archivo fuente cargado (28 KB)
[2026-05-08 22:30:58.068] [INIT] Compilando con Add-Type...
[2026-05-08 22:30:58.473] [OK] Compilacion exitosa
[2026-05-08 22:30:58.478] [INIT] Buscando tipos compilados...
[2026-05-08 22:30:58.491] [OK] Tipo Program encontrado
[2026-05-08 22:30:58.496] [OK] Tipo BusinessForm encontrado
[2026-05-08 22:30:58.498] [OK] Tipo BusinessData encontrado
[2026-05-08 22:30:58.514] [INIT] Cargando config desde: C:\Users\joanc\Downloads\Nueva carpeta (6)\scripts\ia_juris_business_launcher.config.json
[2026-05-08 22:30:58.519] [INIT] Config existe: True
[2026-05-08 22:30:58.535] [INIT] Invocando LoadConfig...
[2026-05-08 22:30:58.583] [OK] Config cargada: RefreshSeconds=5, UsersReportUrl=https://ia-juris-app.vercel.app/api/auth/users-report
[2026-05-08 22:30:58.586] [INIT] Configurando Application.EnableVisualStyles()...
[2026-05-08 22:30:58.598] [OK] Application configurada
[2026-05-08 22:30:58.599] [INIT] Creando instancia de BusinessForm...
[2026-05-08 22:30:58.640] [OK] BusinessForm creada (tipo: BusinessForm)
[2026-05-08 22:30:58.653] [OK] BusinessForm es valido: Text=IA Juris - Control Comercial, Size=1180x740
[2026-05-08 22:30:58.656] [INIT] Ejecutando Application.Run()...
[2026-05-08 22:30:58.662] [INIT] Thread: 14, IsBackground: False
[2026-05-08 22:31:16.908] [OK] Application.Run() finalizado
[2026-05-08 22:31:16.917] [END] Script finalizado
[2026-05-08 22:31:23.753] [INIT] Iniciando compilacion...
[2026-05-08 22:31:23.785] [INIT] Archivo fuente cargado (28 KB)
[2026-05-08 22:31:23.804] [INIT] Compilando con Add-Type...
[2026-05-08 22:31:24.171] [OK] Compilacion exitosa
[2026-05-08 22:31:24.173] [INIT] Buscando tipos compilados...
[2026-05-08 22:31:24.200] [OK] Tipo Program encontrado
[2026-05-08 22:31:24.208] [OK] Tipo BusinessForm encontrado
[2026-05-08 22:31:24.215] [OK] Tipo BusinessData encontrado
[2026-05-08 22:31:24.234] [INIT] Cargando config desde: C:\Users\joanc\Downloads\Nueva carpeta (6)\scripts\ia_juris_business_launcher.config.json
[2026-05-08 22:31:24.243] [INIT] Config existe: True
[2026-05-08 22:31:24.259] [INIT] Invocando LoadConfig...
[2026-05-08 22:31:24.322] [OK] Config cargada: RefreshSeconds=5, UsersReportUrl=https://ia-juris-app.vercel.app/api/auth/users-report
[2026-05-08 22:31:24.322] [INIT] Configurando Application.EnableVisualStyles()...
[2026-05-08 22:31:24.339] [OK] Application configurada
[2026-05-08 22:31:24.339] [INIT] Creando instancia de BusinessForm...
[2026-05-08 22:31:24.401] [OK] BusinessForm creada (tipo: BusinessForm)
[2026-05-08 22:31:24.415] [OK] BusinessForm es valido: Text=IA Juris - Control Comercial, Size=1180x740
[2026-05-08 22:31:24.419] [INIT] Ejecutando Application.Run()...
[2026-05-08 22:31:24.424] [INIT] Thread: 14, IsBackground: False
[2026-05-08 22:40:10.910] [INIT] Iniciando compilacion...
[2026-05-08 22:40:10.925] [INIT] Archivo fuente cargado (28 KB)
[2026-05-08 22:40:10.925] [INIT] Compilando con Add-Type...
[2026-05-08 22:40:11.349] [OK] Compilacion exitosa
[2026-05-08 22:40:11.355] [INIT] Buscando tipos compilados...
[2026-05-08 22:40:11.370] [OK] Tipo Program encontrado
[2026-05-08 22:40:11.373] [OK] Tipo BusinessForm encontrado
[2026-05-08 22:40:11.377] [OK] Tipo BusinessData encontrado
[2026-05-08 22:40:11.385] [INIT] Cargando config desde: C:\Users\joanc\Downloads\Nueva carpeta (6)\scripts\ia_juris_business_launcher.config.json
[2026-05-08 22:40:11.388] [INIT] Config existe: True
[2026-05-08 22:40:11.400] [INIT] Invocando LoadConfig...
[2026-05-08 22:40:11.459] [OK] Config cargada: RefreshSeconds=5, UsersReportUrl=https://ia-juris-app.vercel.app/api/auth/users-report
[2026-05-08 22:40:11.459] [INIT] Configurando Application.EnableVisualStyles()...
[2026-05-08 22:40:11.476] [OK] Application configurada
[2026-05-08 22:40:11.476] [INIT] Creando instancia de BusinessForm...
[2026-05-08 22:40:11.523] [OK] BusinessForm creada (tipo: BusinessForm)
[2026-05-08 22:40:11.529] [OK] BusinessForm es valido: Text=IA Juris - Control Comercial, Size=1180x740
[2026-05-08 22:40:11.529] [INIT] Ejecutando Application.Run()...
[2026-05-08 22:40:11.535] [INIT] Thread: 14, IsBackground: False
[2026-05-08 22:40:31.633] [OK] Application.Run() finalizado
[2026-05-08 22:40:31.649] [END] Script finalizado
[2026-05-08 22:45:07.945] [OK] Application.Run() finalizado
[2026-05-08 22:45:07.952] [END] Script finalizado
[2026-05-08 22:54:18.198] [INIT] Iniciando compilacion...
[2026-05-08 22:54:18.246] [INIT] Archivo fuente cargado (28 KB)
[2026-05-08 22:54:18.249] [INIT] Compilando con Add-Type...
[2026-05-08 22:54:18.739] [OK] Compilacion exitosa
[2026-05-08 22:54:18.750] [INIT] Buscando tipos compilados...
[2026-05-08 22:54:18.757] [OK] Tipo Program encontrado
[2026-05-08 22:54:18.771] [OK] Tipo BusinessForm encontrado
[2026-05-08 22:54:18.779] [OK] Tipo BusinessData encontrado
[2026-05-08 22:54:18.786] [INIT] Cargando config desde: C:\Users\joanc\Downloads\Nueva carpeta (6)\scripts\ia_juris_business_launcher.config.json
[2026-05-08 22:54:18.798] [INIT] Config existe: True
[2026-05-08 22:54:18.818] [INIT] Invocando LoadConfig...
[2026-05-08 22:54:18.885] [OK] Config cargada: RefreshSeconds=5, UsersReportUrl=https://ia-juris-app.vercel.app/api/auth/users-report
[2026-05-08 22:54:18.893] [INIT] Configurando Application.EnableVisualStyles()...
[2026-05-08 22:54:18.914] [OK] Application configurada
[2026-05-08 22:54:18.914] [INIT] Creando instancia de BusinessForm...
[2026-05-08 22:54:19.063] [OK] BusinessForm creada (tipo: BusinessForm)
[2026-05-08 22:54:19.078] [OK] BusinessForm es valido: Text=IA Juris - Control Comercial, Size=1180x740
[2026-05-08 22:54:19.083] [INIT] Ejecutando Application.Run()...
[2026-05-08 22:54:19.090] [INIT] Thread: 13, IsBackground: False
[2026-05-09 22:28:27.871] [INIT] Iniciando compilacion...
[2026-05-09 22:28:27.919] [INIT] Archivo fuente cargado (28 KB)
[2026-05-09 22:28:27.919] [INIT] Compilando con Add-Type...
[2026-05-09 22:28:28.313] [OK] Compilacion exitosa
[2026-05-09 22:28:28.319] [INIT] Buscando tipos compilados...
[2026-05-09 22:28:28.344] [OK] Tipo Program encontrado
[2026-05-09 22:28:28.346] [OK] Tipo BusinessForm encontrado
[2026-05-09 22:28:28.349] [OK] Tipo BusinessData encontrado
[2026-05-09 22:28:28.359] [INIT] Cargando config desde: C:\Users\joanc\Downloads\Nueva carpeta (6)\scripts\ia_juris_business_launcher.config.json
[2026-05-09 22:28:28.365] [INIT] Config existe: True
[2026-05-09 22:28:28.389] [INIT] Invocando LoadConfig...
[2026-05-09 22:28:28.513] [OK] Config cargada: RefreshSeconds=5, UsersReportUrl=https://ia-juris-app.vercel.app/api/auth/users-report
[2026-05-09 22:28:28.515] [INIT] Configurando Application.EnableVisualStyles()...
[2026-05-09 22:28:28.542] [OK] Application configurada
[2026-05-09 22:28:28.544] [INIT] Creando instancia de BusinessForm...
[2026-05-09 22:28:28.688] [OK] BusinessForm creada (tipo: BusinessForm)
[2026-05-09 22:28:28.695] [OK] BusinessForm es valido: Text=IA Juris - Control Comercial, Size=1180x740
[2026-05-09 22:28:28.697] [INIT] Ejecutando Application.Run()...
[2026-05-09 22:28:28.700] [INIT] Thread: 7, IsBackground: False
[2026-05-10 01:42:23.544] [INIT] Iniciando compilacion...
[2026-05-10 01:42:23.606] [INIT] Archivo fuente cargado (28 KB)
[2026-05-10 01:42:23.611] [INIT] Compilando con Add-Type...
[2026-05-10 01:42:24.320] [OK] Compilacion exitosa
[2026-05-10 01:42:24.326] [INIT] Buscando tipos compilados...
[2026-05-10 01:42:24.350] [OK] Tipo Program encontrado
[2026-05-10 01:42:24.357] [OK] Tipo BusinessForm encontrado
[2026-05-10 01:42:24.359] [OK] Tipo BusinessData encontrado
[2026-05-10 01:42:24.370] [INIT] Cargando config desde: C:\Users\joanc\Downloads\Nueva carpeta (6)\scripts\ia_juris_business_launcher.config.json
[2026-05-10 01:42:24.379] [INIT] Config existe: True
[2026-05-10 01:42:24.401] [INIT] Invocando LoadConfig...
[2026-05-10 01:42:24.496] [OK] Config cargada: RefreshSeconds=5, UsersReportUrl=https://ia-juris-app.vercel.app/api/auth/users-report
[2026-05-10 01:42:24.499] [INIT] Configurando Application.EnableVisualStyles()...
[2026-05-10 01:42:24.546] [OK] Application configurada
[2026-05-10 01:42:24.554] [INIT] Creando instancia de BusinessForm...
[2026-05-10 01:42:24.818] [OK] BusinessForm creada (tipo: BusinessForm)
[2026-05-10 01:42:24.847] [OK] BusinessForm es valido: Text=IA Juris - Control Comercial, Size=1180x740
[2026-05-10 01:42:24.871] [INIT] Ejecutando Application.Run()...
[2026-05-10 01:42:24.878] [INIT] Thread: 14, IsBackground: False
[2026-05-10 01:42:25.691] [INIT] Iniciando compilacion...
[2026-05-10 01:42:25.728] [INIT] Archivo fuente cargado (28 KB)
[2026-05-10 01:42:25.734] [INIT] Compilando con Add-Type...
[2026-05-10 01:42:26.268] [OK] Compilacion exitosa
[2026-05-10 01:42:26.268] [INIT] Buscando tipos compilados...
[2026-05-10 01:42:26.284] [OK] Tipo Program encontrado
[2026-05-10 01:42:26.284] [OK] Tipo BusinessForm encontrado
[2026-05-10 01:42:26.300] [OK] Tipo BusinessData encontrado
[2026-05-10 01:42:26.304] [INIT] Cargando config desde: C:\Users\joanc\Downloads\Nueva carpeta (6)\scripts\ia_juris_business_launcher.config.json
[2026-05-10 01:42:26.317] [INIT] Config existe: True
[2026-05-10 01:42:26.331] [INIT] Invocando LoadConfig...
[2026-05-10 01:42:26.395] [OK] Config cargada: RefreshSeconds=5, UsersReportUrl=https://ia-juris-app.vercel.app/api/auth/users-report
[2026-05-10 01:42:26.403] [INIT] Configurando Application.EnableVisualStyles()...
[2026-05-10 01:42:26.419] [OK] Application configurada
[2026-05-10 01:42:26.424] [INIT] Creando instancia de BusinessForm...
[2026-05-10 01:42:26.492] [OK] BusinessForm creada (tipo: BusinessForm)
[2026-05-10 01:42:26.501] [OK] BusinessForm es valido: Text=IA Juris - Control Comercial, Size=1180x740
[2026-05-10 01:42:26.501] [INIT] Ejecutando Application.Run()...
[2026-05-10 01:42:26.507] [INIT] Thread: 14, IsBackground: False
[2026-05-10 01:42:32.757] [OK] Application.Run() finalizado
[2026-05-10 01:42:32.759] [END] Script finalizado
[2026-05-10 21:19:40.264] [INIT] Iniciando compilacion...
[2026-05-10 21:19:40.311] [INIT] Archivo fuente cargado (28 KB)
[2026-05-10 21:19:40.315] [INIT] Compilando con Add-Type...
[2026-05-10 21:19:40.825] [OK] Compilacion exitosa
[2026-05-10 21:19:40.837] [INIT] Buscando tipos compilados...
[2026-05-10 21:19:40.857] [OK] Tipo Program encontrado
[2026-05-10 21:19:40.857] [OK] Tipo BusinessForm encontrado
[2026-05-10 21:19:40.862] [OK] Tipo BusinessData encontrado
[2026-05-10 21:19:40.873] [INIT] Cargando config desde: C:\Users\joanc\Downloads\Nueva carpeta (6)\scripts\ia_juris_business_launcher.config.json
[2026-05-10 21:19:40.876] [INIT] Config existe: True
[2026-05-10 21:19:40.895] [INIT] Invocando LoadConfig...
[2026-05-10 21:19:40.962] [OK] Config cargada: RefreshSeconds=5, UsersReportUrl=https://ia-juris-app.vercel.app/api/auth/users-report
[2026-05-10 21:19:40.966] [INIT] Configurando Application.EnableVisualStyles()...
[2026-05-10 21:19:41.019] [OK] Application configurada
[2026-05-10 21:19:41.023] [INIT] Creando instancia de BusinessForm...
[2026-05-10 21:19:41.256] [OK] BusinessForm creada (tipo: BusinessForm)
[2026-05-10 21:19:41.274] [OK] BusinessForm es valido: Text=IA Juris - Control Comercial, Size=1180x740
[2026-05-10 21:19:41.276] [INIT] Ejecutando Application.Run()...
[2026-05-10 21:19:41.283] [INIT] Thread: 7, IsBackground: False
[2026-05-10 21:19:58.621] [OK] Application.Run() finalizado
[2026-05-10 21:19:58.625] [END] Script finalizado
[2026-05-11 10:48:43.657] [INIT] Iniciando compilacion...
[2026-05-11 10:48:43.721] [INIT] Archivo fuente cargado (28 KB)
[2026-05-11 10:48:43.721] [INIT] Compilando con Add-Type...
[2026-05-11 10:48:44.219] [OK] Compilacion exitosa
[2026-05-11 10:48:44.224] [INIT] Buscando tipos compilados...
[2026-05-11 10:48:44.237] [OK] Tipo Program encontrado
[2026-05-11 10:48:44.243] [OK] Tipo BusinessForm encontrado
[2026-05-11 10:48:44.245] [OK] Tipo BusinessData encontrado
[2026-05-11 10:48:44.252] [INIT] Cargando config desde: C:\Users\joanc\Downloads\Nueva carpeta (6)\scripts\ia_juris_business_launcher.config.json
[2026-05-11 10:48:44.256] [INIT] Config existe: True
[2026-05-11 10:48:44.269] [INIT] Invocando LoadConfig...
[2026-05-11 10:48:44.322] [OK] Config cargada: RefreshSeconds=5, UsersReportUrl=https://ia-juris-app.vercel.app/api/auth/users-report
[2026-05-11 10:48:44.324] [INIT] Configurando Application.EnableVisualStyles()...
[2026-05-11 10:48:44.343] [OK] Application configurada
[2026-05-11 10:48:44.344] [INIT] Creando instancia de BusinessForm...
[2026-05-11 10:48:44.446] [OK] BusinessForm creada (tipo: BusinessForm)
[2026-05-11 10:48:44.457] [OK] BusinessForm es valido: Text=IA Juris - Control Comercial, Size=1180x740
[2026-05-11 10:48:44.462] [INIT] Ejecutando Application.Run()...
[2026-05-11 10:48:44.465] [INIT] Thread: 14, IsBackground: False
[2026-05-11 11:52:20.658] [INIT] Iniciando compilacion...
[2026-05-11 11:52:20.706] [INIT] Archivo fuente cargado (28 KB)
[2026-05-11 11:52:20.717] [INIT] Compilando con Add-Type...
[2026-05-11 11:52:21.279] [OK] Compilacion exitosa
[2026-05-11 11:52:21.279] [INIT] Buscando tipos compilados...
[2026-05-11 11:52:21.312] [OK] Tipo Program encontrado
[2026-05-11 11:52:21.315] [OK] Tipo BusinessForm encontrado
[2026-05-11 11:52:21.318] [OK] Tipo BusinessData encontrado
[2026-05-11 11:52:21.330] [INIT] Cargando config desde: C:\Users\joanc\Downloads\Nueva carpeta (6)\scripts\ia_juris_business_launcher.config.json
[2026-05-11 11:52:21.334] [INIT] Config existe: True
[2026-05-11 11:52:21.356] [INIT] Invocando LoadConfig...
[2026-05-11 11:52:21.445] [OK] Config cargada: RefreshSeconds=5, UsersReportUrl=https://ia-juris-app.vercel.app/api/auth/users-report
[2026-05-11 11:52:21.448] [INIT] Configurando Application.EnableVisualStyles()...
[2026-05-11 11:52:21.467] [OK] Application configurada
[2026-05-11 11:52:21.473] [INIT] Creando instancia de BusinessForm...
[2026-05-11 11:52:21.580] [OK] BusinessForm creada (tipo: BusinessForm)
[2026-05-11 11:52:21.592] [OK] BusinessForm es valido: Text=IA Juris - Control Comercial, Size=1180x740
[2026-05-11 11:52:21.592] [INIT] Ejecutando Application.Run()...
[2026-05-11 11:52:21.599] [INIT] Thread: 14, IsBackground: False
[2026-05-11 11:52:33.238] [OK] Application.Run() finalizado
[2026-05-11 11:52:33.249] [END] Script finalizado
[2026-05-11 11:53:08.367] [INIT] Iniciando compilacion...
[2026-05-11 11:53:08.429] [INIT] Archivo fuente cargado (28 KB)
[2026-05-11 11:53:08.429] [INIT] Compilando con Add-Type...
[2026-05-11 11:53:08.958] [OK] Compilacion exitosa
[2026-05-11 11:53:08.962] [INIT] Buscando tipos compilados...
[2026-05-11 11:53:09.018] [OK] Tipo Program encontrado
[2026-05-11 11:53:09.020] [OK] Tipo BusinessForm encontrado
[2026-05-11 11:53:09.022] [OK] Tipo BusinessData encontrado
[2026-05-11 11:53:09.034] [INIT] Cargando config desde: C:\Users\joanc\Downloads\Nueva carpeta (6)\scripts\ia_juris_business_launcher.config.json
[2026-05-11 11:53:09.040] [INIT] Config existe: True
[2026-05-11 11:53:09.052] [INIT] Invocando LoadConfig...
[2026-05-11 11:53:09.119] [OK] Config cargada: RefreshSeconds=5, UsersReportUrl=https://ia-juris-app.vercel.app/api/auth/users-report
[2026-05-11 11:53:09.123] [INIT] Configurando Application.EnableVisualStyles()...
[2026-05-11 11:53:09.140] [OK] Application configurada
[2026-05-11 11:53:09.140] [INIT] Creando instancia de BusinessForm...
[2026-05-11 11:53:09.223] [OK] BusinessForm creada (tipo: BusinessForm)
[2026-05-11 11:53:09.240] [OK] BusinessForm es valido: Text=IA Juris - Control Comercial, Size=1180x740
[2026-05-11 11:53:09.244] [INIT] Ejecutando Application.Run()...
[2026-05-11 11:53:09.250] [INIT] Thread: 14, IsBackground: False
[2026-05-11 12:08:39.093] [OK] Application.Run() finalizado
[2026-05-11 12:08:39.095] [END] Script finalizado
[2026-05-11 12:15:16.310] [INIT] Iniciando compilacion...
[2026-05-11 12:15:16.363] [INIT] Archivo fuente cargado (28 KB)
[2026-05-11 12:15:16.366] [INIT] Compilando con Add-Type...
[2026-05-11 12:15:16.998] [OK] Compilacion exitosa
[2026-05-11 12:15:17.005] [INIT] Buscando tipos compilados...
[2026-05-11 12:15:17.027] [OK] Tipo Program encontrado
[2026-05-11 12:15:17.032] [OK] Tipo BusinessForm encontrado
[2026-05-11 12:15:17.035] [OK] Tipo BusinessData encontrado
[2026-05-11 12:15:17.044] [INIT] Cargando config desde: C:\Users\joanc\Downloads\Nueva carpeta (6)\scripts\ia_juris_business_launcher.config.json
[2026-05-11 12:15:17.049] [INIT] Config existe: True
[2026-05-11 12:15:17.065] [INIT] Invocando LoadConfig...
[2026-05-11 12:15:17.124] [OK] Config cargada: RefreshSeconds=5, UsersReportUrl=https://ia-juris-app.vercel.app/api/auth/users-report
[2026-05-11 12:15:17.129] [INIT] Configurando Application.EnableVisualStyles()...
[2026-05-11 12:15:17.144] [OK] Application configurada
[2026-05-11 12:15:17.144] [INIT] Creando instancia de BusinessForm...
[2026-05-11 12:15:17.290] [OK] BusinessForm creada (tipo: BusinessForm)
[2026-05-11 12:15:17.300] [OK] BusinessForm es valido: Text=IA Juris - Control Comercial, Size=1180x740
[2026-05-11 12:15:17.302] [INIT] Ejecutando Application.Run()...
[2026-05-11 12:15:17.308] [INIT] Thread: 14, IsBackground: False
[2026-05-11 12:15:53.322] [OK] Application.Run() finalizado
[2026-05-11 12:15:53.338] [END] Script finalizado
[2026-05-11 12:28:42.312] [OK] Application.Run() finalizado
[2026-05-11 12:28:42.396] [END] Script finalizado
[2026-05-11 12:28:46.144] [INIT] Iniciando compilacion...
[2026-05-11 12:28:46.176] [INIT] Archivo fuente cargado (30 KB)
[2026-05-11 12:28:46.191] [INIT] Compilando con Add-Type...
[2026-05-11 12:28:46.790] [OK] Compilacion exitosa
[2026-05-11 12:28:46.797] [INIT] Buscando tipos compilados...
[2026-05-11 12:28:46.806] [OK] Tipo Program encontrado
[2026-05-11 12:28:46.806] [OK] Tipo BusinessForm encontrado
[2026-05-11 12:28:46.823] [OK] Tipo BusinessData encontrado
[2026-05-11 12:28:46.829] [INIT] Cargando config desde: C:\Users\joanc\Downloads\Nueva carpeta (6)\scripts\ia_juris_business_launcher.config.json
[2026-05-11 12:28:46.838] [INIT] Config existe: True
[2026-05-11 12:28:46.854] [INIT] Invocando LoadConfig...
[2026-05-11 12:28:46.902] [OK] Config cargada: RefreshSeconds=5, UsersReportUrl=https://ia-juris-app.vercel.app/api/auth/users-report
[2026-05-11 12:28:46.913] [INIT] Configurando Application.EnableVisualStyles()...
[2026-05-11 12:28:46.926] [OK] Application configurada
[2026-05-11 12:28:46.930] [INIT] Creando instancia de BusinessForm...
[2026-05-11 12:28:47.076] [OK] BusinessForm creada (tipo: BusinessForm)
[2026-05-11 12:28:47.081] [OK] BusinessForm es valido: Text=IA Juris - Control Comercial, Size=1180x740
[2026-05-11 12:28:47.094] [INIT] Ejecutando Application.Run()...
[2026-05-11 12:28:47.098] [INIT] Thread: 14, IsBackground: False
[2026-05-11 12:33:03.297] [OK] Application.Run() finalizado
[2026-05-11 12:33:03.301] [END] Script finalizado
[2026-05-11 12:33:12.939] [INIT] Iniciando compilacion...
[2026-05-11 12:33:12.957] [INIT] Archivo fuente cargado (30 KB)
[2026-05-11 12:33:12.957] [INIT] Compilando con Add-Type...
[2026-05-11 12:33:13.163] [OK] Compilacion exitosa
[2026-05-11 12:33:13.163] [INIT] Buscando tipos compilados...
[2026-05-11 12:33:13.169] [OK] Tipo Program encontrado
[2026-05-11 12:33:13.178] [OK] Tipo BusinessForm encontrado
[2026-05-11 12:33:13.179] [OK] Tipo BusinessData encontrado
[2026-05-11 12:33:13.182] [INIT] Cargando config desde: C:\Users\joanc\Downloads\Nueva carpeta (6)\scripts\ia_juris_business_launcher.config.json
[2026-05-11 12:33:13.186] [INIT] Config existe: True
[2026-05-11 12:33:13.194] [INIT] Invocando LoadConfig...
[2026-05-11 12:33:13.222] [OK] Config cargada: RefreshSeconds=5, UsersReportUrl=https://ia-juris-app.vercel.app/api/auth/users-report
[2026-05-11 12:33:13.227] [INIT] Configurando Application.EnableVisualStyles()...
[2026-05-11 12:33:13.233] [OK] Application configurada
[2026-05-11 12:33:13.233] [INIT] Creando instancia de BusinessForm...
[2026-05-11 12:33:13.347] [OK] BusinessForm creada (tipo: BusinessForm)
[2026-05-11 12:33:13.362] [OK] BusinessForm es valido: Text=IA Juris - Control Comercial, Size=1180x740
[2026-05-11 12:33:13.364] [INIT] Ejecutando Application.Run()...
[2026-05-11 12:33:13.369] [INIT] Thread: 14, IsBackground: False
[2026-05-11 12:34:35.963] [OK] Application.Run() finalizado
[2026-05-11 12:34:35.974] [END] Script finalizado
[2026-05-11 12:34:42.938] [INIT] Iniciando compilacion...
[2026-05-11 12:34:42.980] [INIT] Archivo fuente cargado (30 KB)
[2026-05-11 12:34:42.986] [INIT] Compilando con Add-Type...
[2026-05-11 12:34:43.599] [OK] Compilacion exitosa
[2026-05-11 12:34:43.599] [INIT] Buscando tipos compilados...
[2026-05-11 12:34:43.630] [OK] Tipo Program encontrado
[2026-05-11 12:34:43.634] [OK] Tipo BusinessForm encontrado
[2026-05-11 12:34:43.642] [OK] Tipo BusinessData encontrado
[2026-05-11 12:34:43.655] [INIT] Cargando config desde: C:\Users\joanc\Downloads\Nueva carpeta (6)\scripts\ia_juris_business_launcher.config.json
[2026-05-11 12:34:43.662] [INIT] Config existe: True
[2026-05-11 12:34:43.678] [INIT] Invocando LoadConfig...
[2026-05-11 12:34:43.734] [OK] Config cargada: RefreshSeconds=5, UsersReportUrl=https://ia-juris-app.vercel.app/api/auth/users-report
[2026-05-11 12:34:43.734] [INIT] Configurando Application.EnableVisualStyles()...
[2026-05-11 12:34:43.752] [OK] Application configurada
[2026-05-11 12:34:43.752] [INIT] Creando instancia de BusinessForm...
[2026-05-11 12:34:43.822] [OK] BusinessForm creada (tipo: BusinessForm)
[2026-05-11 12:34:43.827] [OK] BusinessForm es valido: Text=IA Juris - Control Comercial, Size=1180x740
[2026-05-11 12:34:43.835] [INIT] Ejecutando Application.Run()...
[2026-05-11 12:34:43.839] [INIT] Thread: 14, IsBackground: False
[2026-05-11 12:35:48.906] [OK] Application.Run() finalizado
[2026-05-11 12:35:48.913] [END] Script finalizado
[2026-05-11 12:35:51.586] [INIT] Iniciando compilacion...
[2026-05-11 12:35:51.619] [INIT] Archivo fuente cargado (30 KB)
[2026-05-11 12:35:51.619] [INIT] Compilando con Add-Type...
[2026-05-11 12:35:51.901] [OK] Compilacion exitosa
[2026-05-11 12:35:51.912] [INIT] Buscando tipos compilados...
[2026-05-11 12:35:51.925] [OK] Tipo Program encontrado
[2026-05-11 12:35:51.929] [OK] Tipo BusinessForm encontrado
[2026-05-11 12:35:51.930] [OK] Tipo BusinessData encontrado
[2026-05-11 12:35:51.938] [INIT] Cargando config desde: C:\Users\joanc\Downloads\Nueva carpeta (6)\scripts\ia_juris_business_launcher.config.json
[2026-05-11 12:35:51.941] [INIT] Config existe: True
[2026-05-11 12:35:51.949] [INIT] Invocando LoadConfig...
[2026-05-11 12:35:51.994] [OK] Config cargada: RefreshSeconds=5, UsersReportUrl=https://ia-juris-app.vercel.app/api/auth/users-report
[2026-05-11 12:35:51.997] [INIT] Configurando Application.EnableVisualStyles()...
[2026-05-11 12:35:52.005] [OK] Application configurada
[2026-05-11 12:35:52.007] [INIT] Creando instancia de BusinessForm...
[2026-05-11 12:35:52.057] [OK] BusinessForm creada (tipo: BusinessForm)
[2026-05-11 12:35:52.062] [OK] BusinessForm es valido: Text=IA Juris - Control Comercial, Size=1180x740
[2026-05-11 12:35:52.066] [INIT] Ejecutando Application.Run()...
[2026-05-11 12:35:52.069] [INIT] Thread: 14, IsBackground: False
[2026-05-11 12:40:07.317] [OK] Application.Run() finalizado
[2026-05-11 12:40:07.317] [END] Script finalizado
[2026-05-11 12:40:09.289] [INIT] Iniciando compilacion...
[2026-05-11 12:40:09.316] [INIT] Archivo fuente cargado (31 KB)
[2026-05-11 12:40:09.321] [INIT] Compilando con Add-Type...
[2026-05-11 12:40:09.686] [FATAL] No se puede agregar el tipo. Se produjeron errores de compilación.
[2026-05-11 12:40:09.686] [STACK]    en System.Management.Automation.MshCommandRuntime.ThrowTerminatingError(ErrorRecord errorRecord)
[2026-05-11 12:40:09.691] [FULL] No se puede agregar el tipo. Se produjeron errores de compilación.
[2026-05-11 12:40:09.693] [END] Script finalizado
[2026-05-11 12:40:13.829] [INIT] Iniciando compilacion...
[2026-05-11 12:40:13.868] [INIT] Archivo fuente cargado (31 KB)
[2026-05-11 12:40:13.871] [INIT] Compilando con Add-Type...
[2026-05-11 12:40:14.274] [FATAL] No se puede agregar el tipo. Se produjeron errores de compilación.
[2026-05-11 12:40:14.282] [STACK]    en System.Management.Automation.MshCommandRuntime.ThrowTerminatingError(ErrorRecord errorRecord)
[2026-05-11 12:40:14.287] [FULL] No se puede agregar el tipo. Se produjeron errores de compilación.
[2026-05-11 12:40:14.289] [END] Script finalizado
[2026-05-11 12:40:19.504] [INIT] Iniciando compilacion...
[2026-05-11 12:40:19.537] [INIT] Archivo fuente cargado (31 KB)
[2026-05-11 12:40:19.537] [INIT] Compilando con Add-Type...
[2026-05-11 12:40:19.923] [FATAL] No se puede agregar el tipo. Se produjeron errores de compilación.
[2026-05-11 12:40:19.930] [STACK]    en System.Management.Automation.MshCommandRuntime.ThrowTerminatingError(ErrorRecord errorRecord)
[2026-05-11 12:40:19.935] [FULL] No se puede agregar el tipo. Se produjeron errores de compilación.
[2026-05-11 12:40:19.935] [END] Script finalizado
[2026-05-11 12:40:40.573] [INIT] Iniciando compilacion...
[2026-05-11 12:40:40.596] [INIT] Archivo fuente cargado (31 KB)
[2026-05-11 12:40:40.600] [INIT] Compilando con Add-Type...
[2026-05-11 12:40:40.786] [FATAL] No se puede agregar el tipo. Se produjeron errores de compilación.
[2026-05-11 12:40:40.786] [STACK]    en System.Management.Automation.MshCommandRuntime.ThrowTerminatingError(ErrorRecord errorRecord)
[2026-05-11 12:40:40.790] [FULL] No se puede agregar el tipo. Se produjeron errores de compilación.
[2026-05-11 12:40:40.790] [END] Script finalizado
[2026-05-11 12:40:43.088] [INIT] Iniciando compilacion...
[2026-05-11 12:40:43.112] [INIT] Archivo fuente cargado (31 KB)
[2026-05-11 12:40:43.112] [INIT] Compilando con Add-Type...
[2026-05-11 12:40:43.391] [FATAL] No se puede agregar el tipo. Se produjeron errores de compilación.
[2026-05-11 12:40:43.391] [STACK]    en System.Management.Automation.MshCommandRuntime.ThrowTerminatingError(ErrorRecord errorRecord)
[2026-05-11 12:40:43.405] [FULL] No se puede agregar el tipo. Se produjeron errores de compilación.
[2026-05-11 12:40:43.407] [END] Script finalizado
[2026-05-11 12:40:52.257] [INIT] Iniciando compilacion...
[2026-05-11 12:40:52.288] [INIT] Archivo fuente cargado (31 KB)
[2026-05-11 12:40:52.298] [INIT] Compilando con Add-Type...
[2026-05-11 12:40:52.581] [FATAL] No se puede agregar el tipo. Se produjeron errores de compilación.
[2026-05-11 12:40:52.612] [STACK]    en System.Management.Automation.MshCommandRuntime.ThrowTerminatingError(ErrorRecord errorRecord)
[2026-05-11 12:40:52.620] [FULL] No se puede agregar el tipo. Se produjeron errores de compilación.
[2026-05-11 12:40:52.622] [END] Script finalizado
[2026-05-11 12:40:54.705] [INIT] Iniciando compilacion...
[2026-05-11 12:40:54.721] [INIT] Archivo fuente cargado (31 KB)
[2026-05-11 12:40:54.721] [INIT] Compilando con Add-Type...
[2026-05-11 12:40:54.928] [FATAL] No se puede agregar el tipo. Se produjeron errores de compilación.
[2026-05-11 12:40:54.928] [STACK]    en System.Management.Automation.MshCommandRuntime.ThrowTerminatingError(ErrorRecord errorRecord)
[2026-05-11 12:40:54.931] [FULL] No se puede agregar el tipo. Se produjeron errores de compilación.
[2026-05-11 12:40:54.933] [END] Script finalizado
[2026-05-11 12:40:57.785] [INIT] Iniciando compilacion...
[2026-05-11 12:40:57.802] [INIT] Archivo fuente cargado (31 KB)
[2026-05-11 12:40:57.802] [INIT] Compilando con Add-Type...
[2026-05-11 12:40:58.089] [FATAL] No se puede agregar el tipo. Se produjeron errores de compilación.
[2026-05-11 12:40:58.090] [STACK]    en System.Management.Automation.MshCommandRuntime.ThrowTerminatingError(ErrorRecord errorRecord)
[2026-05-11 12:40:58.095] [FULL] No se puede agregar el tipo. Se produjeron errores de compilación.
[2026-05-11 12:40:58.095] [END] Script finalizado
[2026-05-11 12:41:05.303] [INIT] Iniciando compilacion...
[2026-05-11 12:41:05.323] [INIT] Archivo fuente cargado (31 KB)
[2026-05-11 12:41:05.325] [INIT] Compilando con Add-Type...
[2026-05-11 12:41:05.499] [FATAL] No se puede agregar el tipo. Se produjeron errores de compilación.
[2026-05-11 12:41:05.500] [STACK]    en System.Management.Automation.MshCommandRuntime.ThrowTerminatingError(ErrorRecord errorRecord)
[2026-05-11 12:41:05.503] [FULL] No se puede agregar el tipo. Se produjeron errores de compilación.
[2026-05-11 12:41:05.503] [END] Script finalizado
[2026-05-11 12:41:17.291] [INIT] Iniciando compilacion...
[2026-05-11 12:41:17.320] [INIT] Archivo fuente cargado (31 KB)
[2026-05-11 12:41:17.320] [INIT] Compilando con Add-Type...
[2026-05-11 12:41:17.479] [FATAL] No se puede agregar el tipo. Se produjeron errores de compilación.
[2026-05-11 12:41:17.479] [STACK]    en System.Management.Automation.MshCommandRuntime.ThrowTerminatingError(ErrorRecord errorRecord)
[2026-05-11 12:41:17.496] [FULL] No se puede agregar el tipo. Se produjeron errores de compilación.
[2026-05-11 12:41:17.496] [END] Script finalizado
[2026-05-11 12:41:18.947] [INIT] Iniciando compilacion...
[2026-05-11 12:41:18.964] [INIT] Archivo fuente cargado (31 KB)
[2026-05-11 12:41:18.964] [INIT] Compilando con Add-Type...
[2026-05-11 12:41:19.281] [FATAL] No se puede agregar el tipo. Se produjeron errores de compilación.
[2026-05-11 12:41:19.287] [STACK]    en System.Management.Automation.MshCommandRuntime.ThrowTerminatingError(ErrorRecord errorRecord)
[2026-05-11 12:41:19.289] [FULL] No se puede agregar el tipo. Se produjeron errores de compilación.
[2026-05-11 12:41:19.293] [END] Script finalizado
[2026-05-11 12:41:22.100] [INIT] Iniciando compilacion...
[2026-05-11 12:41:22.137] [INIT] Archivo fuente cargado (31 KB)
[2026-05-11 12:41:22.143] [INIT] Compilando con Add-Type...
[2026-05-11 12:41:22.430] [FATAL] No se puede agregar el tipo. Se produjeron errores de compilación.
[2026-05-11 12:41:22.435] [STACK]    en System.Management.Automation.MshCommandRuntime.ThrowTerminatingError(ErrorRecord errorRecord)
[2026-05-11 12:41:22.437] [FULL] No se puede agregar el tipo. Se produjeron errores de compilación.
[2026-05-11 12:41:22.437] [END] Script finalizado
[2026-05-11 12:41:23.752] [INIT] Iniciando compilacion...
[2026-05-11 12:41:23.773] [INIT] Archivo fuente cargado (31 KB)
[2026-05-11 12:41:23.782] [INIT] Compilando con Add-Type...
[2026-05-11 12:41:24.150] [FATAL] No se puede agregar el tipo. Se produjeron errores de compilación.
[2026-05-11 12:41:24.150] [STACK]    en System.Management.Automation.MshCommandRuntime.ThrowTerminatingError(ErrorRecord errorRecord)
[2026-05-11 12:41:24.156] [FULL] No se puede agregar el tipo. Se produjeron errores de compilación.
[2026-05-11 12:41:24.156] [END] Script finalizado
[2026-05-11 12:41:39.910] [INIT] Iniciando compilacion...
[2026-05-11 12:41:39.944] [INIT] Archivo fuente cargado (31 KB)
[2026-05-11 12:41:39.947] [INIT] Compilando con Add-Type...
[2026-05-11 12:41:40.234] [FATAL] No se puede agregar el tipo. Se produjeron errores de compilación.
[2026-05-11 12:41:40.240] [STACK]    en System.Management.Automation.MshCommandRuntime.ThrowTerminatingError(ErrorRecord errorRecord)
[2026-05-11 12:41:40.244] [FULL] No se puede agregar el tipo. Se produjeron errores de compilación.
[2026-05-11 12:41:40.247] [END] Script finalizado
[2026-05-11 12:41:55.169] [INIT] Iniciando compilacion...
[2026-05-11 12:41:55.203] [INIT] Archivo fuente cargado (31 KB)
[2026-05-11 12:41:55.208] [INIT] Compilando con Add-Type...
[2026-05-11 12:41:55.535] [OK] Compilacion exitosa
[2026-05-11 12:41:55.539] [INIT] Buscando tipos compilados...
[2026-05-11 12:41:55.552] [OK] Tipo Program encontrado
[2026-05-11 12:41:55.556] [OK] Tipo BusinessForm encontrado
[2026-05-11 12:41:55.559] [OK] Tipo BusinessData encontrado
[2026-05-11 12:41:55.562] [INIT] Cargando config desde: C:\Users\joanc\Downloads\Nueva carpeta (6)\scripts\ia_juris_business_launcher.config.json
[2026-05-11 12:41:55.570] [INIT] Config existe: True
[2026-05-11 12:41:55.582] [INIT] Invocando LoadConfig...
[2026-05-11 12:41:55.620] [OK] Config cargada: RefreshSeconds=5, UsersReportUrl=https://ia-juris-app.vercel.app/api/auth/users-report
[2026-05-11 12:41:55.620] [INIT] Configurando Application.EnableVisualStyles()...
[2026-05-11 12:41:55.644] [OK] Application configurada
[2026-05-11 12:41:55.646] [INIT] Creando instancia de BusinessForm...
[2026-05-11 12:41:55.704] [OK] BusinessForm creada (tipo: BusinessForm)
[2026-05-11 12:41:55.711] [OK] BusinessForm es valido: Text=IA Juris - Control Comercial, Size=1180x740
[2026-05-11 12:41:55.716] [INIT] Ejecutando Application.Run()...
[2026-05-11 12:41:55.723] [INIT] Thread: 7, IsBackground: False
[2026-05-11 12:47:38.293] [OK] Application.Run() finalizado
[2026-05-11 12:47:38.342] [END] Script finalizado
[2026-05-11 12:47:41.522] [INIT] Iniciando compilacion...
[2026-05-11 12:47:41.550] [INIT] Archivo fuente cargado (31 KB)
[2026-05-11 12:47:41.550] [INIT] Compilando con Add-Type...
[2026-05-11 12:47:41.757] [OK] Compilacion exitosa
[2026-05-11 12:47:41.757] [INIT] Buscando tipos compilados...
[2026-05-11 12:47:41.827] [OK] Tipo Program encontrado
[2026-05-11 12:47:41.829] [OK] Tipo BusinessForm encontrado
[2026-05-11 12:47:41.837] [OK] Tipo BusinessData encontrado
[2026-05-11 12:47:41.849] [INIT] Cargando config desde: C:\Users\joanc\Downloads\Nueva carpeta (6)\scripts\ia_juris_business_launcher.config.json
[2026-05-11 12:47:41.853] [INIT] Config existe: True
[2026-05-11 12:47:41.866] [INIT] Invocando LoadConfig...
[2026-05-11 12:47:41.901] [OK] Config cargada: RefreshSeconds=5, UsersReportUrl=https://ia-juris-app.vercel.app/api/auth/users-report
[2026-05-11 12:47:41.910] [INIT] Configurando Application.EnableVisualStyles()...
[2026-05-11 12:47:41.921] [OK] Application configurada
[2026-05-11 12:47:41.923] [INIT] Creando instancia de BusinessForm...
[2026-05-11 12:47:41.990] [OK] BusinessForm creada (tipo: BusinessForm)
[2026-05-11 12:47:41.997] [OK] BusinessForm es valido: Text=IA Juris - Control Comercial, Size=1180x740
[2026-05-11 12:47:42.001] [INIT] Ejecutando Application.Run()...
[2026-05-11 12:47:42.007] [INIT] Thread: 14, IsBackground: False
[2026-05-11 12:48:09.887] [OK] Application.Run() finalizado
[2026-05-11 12:48:09.894] [END] Script finalizado
[2026-05-11 12:48:13.412] [INIT] Iniciando compilacion...
[2026-05-11 12:48:13.459] [INIT] Archivo fuente cargado (31 KB)
[2026-05-11 12:48:13.464] [INIT] Compilando con Add-Type...
[2026-05-11 12:48:13.930] [OK] Compilacion exitosa
[2026-05-11 12:48:13.946] [INIT] Buscando tipos compilados...
[2026-05-11 12:48:13.977] [OK] Tipo Program encontrado
[2026-05-11 12:48:13.999] [OK] Tipo BusinessForm encontrado
[2026-05-11 12:48:14.003] [OK] Tipo BusinessData encontrado
[2026-05-11 12:48:14.028] [INIT] Cargando config desde: C:\Users\joanc\Downloads\Nueva carpeta (6)\scripts\ia_juris_business_launcher.config.json
[2026-05-11 12:48:14.034] [INIT] Config existe: True
[2026-05-11 12:48:14.053] [INIT] Invocando LoadConfig...
[2026-05-11 12:48:14.130] [OK] Config cargada: RefreshSeconds=5, UsersReportUrl=https://ia-juris-app.vercel.app/api/auth/users-report
[2026-05-11 12:48:14.135] [INIT] Configurando Application.EnableVisualStyles()...
[2026-05-11 12:48:14.153] [OK] Application configurada
[2026-05-11 12:48:14.156] [INIT] Creando instancia de BusinessForm...
[2026-05-11 12:48:14.235] [OK] BusinessForm creada (tipo: BusinessForm)
[2026-05-11 12:48:14.247] [OK] BusinessForm es valido: Text=IA Juris - Control Comercial, Size=1180x740
[2026-05-11 12:48:14.253] [INIT] Ejecutando Application.Run()...
[2026-05-11 12:48:14.260] [INIT] Thread: 14, IsBackground: False
[2026-05-11 12:50:49.807] [OK] Application.Run() finalizado
[2026-05-11 12:50:49.813] [END] Script finalizado
[2026-05-11 12:50:53.165] [INIT] Iniciando compilacion...
[2026-05-11 12:50:53.258] [INIT] Archivo fuente cargado (31 KB)
[2026-05-11 12:50:53.262] [INIT] Compilando con Add-Type...
[2026-05-11 12:50:53.704] [OK] Compilacion exitosa
[2026-05-11 12:50:53.712] [INIT] Buscando tipos compilados...
[2026-05-11 12:50:53.742] [OK] Tipo Program encontrado
[2026-05-11 12:50:53.746] [OK] Tipo BusinessForm encontrado
[2026-05-11 12:50:53.748] [OK] Tipo BusinessData encontrado
[2026-05-11 12:50:53.759] [INIT] Cargando config desde: C:\Users\joanc\Downloads\Nueva carpeta (6)\scripts\ia_juris_business_launcher.config.json
[2026-05-11 12:50:53.764] [INIT] Config existe: True
[2026-05-11 12:50:53.781] [INIT] Invocando LoadConfig...
[2026-05-11 12:50:53.843] [OK] Config cargada: RefreshSeconds=5, UsersReportUrl=https://ia-juris-app.vercel.app/api/auth/users-report
[2026-05-11 12:50:53.844] [INIT] Configurando Application.EnableVisualStyles()...
[2026-05-11 12:50:53.858] [OK] Application configurada
[2026-05-11 12:50:53.862] [INIT] Creando instancia de BusinessForm...
[2026-05-11 12:50:53.941] [OK] BusinessForm creada (tipo: BusinessForm)
[2026-05-11 12:50:53.953] [OK] BusinessForm es valido: Text=IA Juris - Control Comercial, Size=1180x740
[2026-05-11 12:50:53.956] [INIT] Ejecutando Application.Run()...
[2026-05-11 12:50:53.961] [INIT] Thread: 14, IsBackground: False
[2026-05-11 12:55:47.156] [OK] Application.Run() finalizado
[2026-05-11 12:55:47.160] [END] Script finalizado
[2026-05-11 12:55:50.892] [INIT] Iniciando compilacion...
[2026-05-11 12:55:50.910] [INIT] Archivo fuente cargado (31 KB)
[2026-05-11 12:55:50.910] [INIT] Compilando con Add-Type...
[2026-05-11 12:55:51.126] [OK] Compilacion exitosa
[2026-05-11 12:55:51.128] [INIT] Buscando tipos compilados...
[2026-05-11 12:55:51.140] [OK] Tipo Program encontrado
[2026-05-11 12:55:51.143] [OK] Tipo BusinessForm encontrado
[2026-05-11 12:55:51.144] [OK] Tipo BusinessData encontrado
[2026-05-11 12:55:51.149] [INIT] Cargando config desde: C:\Users\joanc\Downloads\Nueva carpeta (6)\scripts\ia_juris_business_launcher.config.json
[2026-05-11 12:55:51.153] [INIT] Config existe: True
[2026-05-11 12:55:51.155] [INIT] Invocando LoadConfig...
[2026-05-11 12:55:51.188] [OK] Config cargada: RefreshSeconds=5, UsersReportUrl=https://ia-juris-app.vercel.app/api/auth/users-report
[2026-05-11 12:55:51.188] [INIT] Configurando Application.EnableVisualStyles()...
[2026-05-11 12:55:51.198] [OK] Application configurada
[2026-05-11 12:55:51.198] [INIT] Creando instancia de BusinessForm...
[2026-05-11 12:55:51.232] [OK] BusinessForm creada (tipo: BusinessForm)
[2026-05-11 12:55:51.244] [OK] BusinessForm es valido: Text=IA Juris - Control Comercial, Size=1180x740
[2026-05-11 12:55:51.245] [INIT] Ejecutando Application.Run()...
[2026-05-11 12:55:51.249] [INIT] Thread: 14, IsBackground: False
[2026-05-11 13:01:23.794] [OK] Application.Run() finalizado
[2026-05-11 13:01:23.841] [END] Script finalizado
[2026-05-11 13:01:49.362] [INIT] Iniciando compilacion...
[2026-05-11 13:01:49.393] [INIT] Archivo fuente cargado (38 KB)
[2026-05-11 13:01:49.408] [INIT] Compilando con Add-Type...
[2026-05-11 13:01:50.001] [OK] Compilacion exitosa
[2026-05-11 13:01:50.006] [INIT] Buscando tipos compilados...
[2026-05-11 13:01:50.026] [OK] Tipo Program encontrado
[2026-05-11 13:01:50.029] [OK] Tipo BusinessForm encontrado
[2026-05-11 13:01:50.036] [OK] Tipo BusinessData encontrado
[2026-05-11 13:01:50.048] [INIT] Cargando config desde: C:\Users\joanc\Downloads\Nueva carpeta (6)\scripts\ia_juris_business_launcher.config.json
[2026-05-11 13:01:50.053] [INIT] Config existe: True
[2026-05-11 13:01:50.071] [INIT] Invocando LoadConfig...
[2026-05-11 13:01:50.124] [OK] Config cargada: RefreshSeconds=5, UsersReportUrl=https://ia-juris-app.vercel.app/api/auth/users-report
[2026-05-11 13:01:50.131] [INIT] Configurando Application.EnableVisualStyles()...
[2026-05-11 13:01:50.144] [OK] Application configurada
[2026-05-11 13:01:50.150] [INIT] Creando instancia de BusinessForm...
[2026-05-11 13:01:50.221] [OK] BusinessForm creada (tipo: BusinessForm)
[2026-05-11 13:01:50.225] [OK] BusinessForm es valido: Text=IA Juris - Control Comercial, Size=1180x740
[2026-05-11 13:01:50.237] [INIT] Ejecutando Application.Run()...
[2026-05-11 13:01:50.245] [INIT] Thread: 14, IsBackground: False
[2026-05-11 13:02:39.835] [OK] Application.Run() finalizado
[2026-05-11 13:02:39.841] [END] Script finalizado
[2026-05-12 20:34:57.912] [INIT] Iniciando compilacion...
[2026-05-12 20:34:57.944] [INIT] Archivo fuente cargado (38 KB)
[2026-05-12 20:34:57.944] [INIT] Compilando con Add-Type...
[2026-05-12 20:34:58.407] [OK] Compilacion exitosa
[2026-05-12 20:34:58.413] [INIT] Buscando tipos compilados...
[2026-05-12 20:34:58.440] [OK] Tipo Program encontrado
[2026-05-12 20:34:58.440] [OK] Tipo BusinessForm encontrado
[2026-05-12 20:34:58.444] [OK] Tipo BusinessData encontrado
[2026-05-12 20:34:58.446] [INIT] Cargando config desde: C:\Users\joanc\Downloads\Nueva carpeta (6)\scripts\ia_juris_business_launcher.config.json
[2026-05-12 20:34:58.453] [INIT] Config existe: True
[2026-05-12 20:34:58.455] [INIT] Invocando LoadConfig...
[2026-05-12 20:34:58.535] [OK] Config cargada: RefreshSeconds=5, UsersReportUrl=https://ia-juris-app.vercel.app/api/auth/users-report
[2026-05-12 20:34:58.535] [INIT] Configurando Application.EnableVisualStyles()...
[2026-05-12 20:34:58.567] [OK] Application configurada
[2026-05-12 20:34:58.583] [INIT] Creando instancia de BusinessForm...
[2026-05-12 20:34:58.715] [OK] BusinessForm creada (tipo: BusinessForm)
[2026-05-12 20:34:58.726] [OK] BusinessForm es valido: Text=IA Juris - Control Comercial, Size=1180x740
[2026-05-12 20:34:58.726] [INIT] Ejecutando Application.Run()...
[2026-05-12 20:34:58.734] [INIT] Thread: 13, IsBackground: False
[2026-05-12 20:45:35.145] [OK] Application.Run() finalizado
[2026-05-12 20:45:35.149] [END] Script finalizado
[2026-05-12 20:45:37.327] [INIT] Iniciando compilacion...
[2026-05-12 20:45:37.351] [INIT] Archivo fuente cargado (38 KB)
[2026-05-12 20:45:37.367] [INIT] Compilando con Add-Type...
[2026-05-12 20:45:37.780] [OK] Compilacion exitosa
[2026-05-12 20:45:37.780] [INIT] Buscando tipos compilados...
[2026-05-12 20:45:37.796] [OK] Tipo Program encontrado
[2026-05-12 20:45:37.796] [OK] Tipo BusinessForm encontrado
[2026-05-12 20:45:37.812] [OK] Tipo BusinessData encontrado
[2026-05-12 20:45:37.822] [INIT] Cargando config desde: C:\Users\joanc\Downloads\Nueva carpeta (6)\scripts\ia_juris_business_launcher.config.json
[2026-05-12 20:45:37.828] [INIT] Config existe: True
[2026-05-12 20:45:37.844] [INIT] Invocando LoadConfig...
[2026-05-12 20:45:37.892] [OK] Config cargada: RefreshSeconds=5, UsersReportUrl=https://ia-juris-app.vercel.app/api/auth/users-report
[2026-05-12 20:45:37.903] [INIT] Configurando Application.EnableVisualStyles()...
[2026-05-12 20:45:37.908] [OK] Application configurada
[2026-05-12 20:45:37.908] [INIT] Creando instancia de BusinessForm...
[2026-05-12 20:45:38.001] [OK] BusinessForm creada (tipo: BusinessForm)
[2026-05-12 20:45:38.012] [OK] BusinessForm es valido: Text=IA Juris - Control Comercial, Size=1180x740
[2026-05-12 20:45:38.014] [INIT] Ejecutando Application.Run()...
[2026-05-12 20:45:38.020] [INIT] Thread: 14, IsBackground: False
[2026-05-14 22:37:44.053] [INIT] Iniciando compilacion...
[2026-05-14 22:37:44.218] [INIT] Archivo fuente cargado (38 KB)
[2026-05-14 22:37:44.231] [INIT] Compilando con Add-Type...
[2026-05-14 22:37:45.097] [OK] Compilacion exitosa
[2026-05-14 22:37:45.099] [INIT] Buscando tipos compilados...
[2026-05-14 22:37:45.122] [OK] Tipo Program encontrado
[2026-05-14 22:37:45.122] [OK] Tipo BusinessForm encontrado
[2026-05-14 22:37:45.125] [OK] Tipo BusinessData encontrado
[2026-05-14 22:37:45.130] [INIT] Cargando config desde: C:\Users\joanc\Downloads\Nueva carpeta (6)\scripts\ia_juris_business_launcher.config.json
[2026-05-14 22:37:45.133] [INIT] Config existe: True
[2026-05-14 22:37:45.144] [INIT] Invocando LoadConfig...
[2026-05-14 22:37:45.206] [OK] Config cargada: RefreshSeconds=5, UsersReportUrl=https://ia-juris-app.vercel.app/api/auth/users-report
[2026-05-14 22:37:45.206] [INIT] Configurando Application.EnableVisualStyles()...
[2026-05-14 22:37:45.255] [OK] Application configurada
[2026-05-14 22:37:45.255] [INIT] Creando instancia de BusinessForm...
[2026-05-14 22:37:45.626] [OK] BusinessForm creada (tipo: BusinessForm)
[2026-05-14 22:37:45.631] [OK] BusinessForm es valido: Text=IA Juris - Control Comercial, Size=1180x740
[2026-05-14 22:37:45.631] [INIT] Ejecutando Application.Run()...
[2026-05-14 22:37:45.636] [INIT] Thread: 14, IsBackground: False
[2026-05-14 22:37:45.923] [INIT] Iniciando compilacion...
[2026-05-14 22:37:46.047] [INIT] Archivo fuente cargado (38 KB)
[2026-05-14 22:37:46.047] [INIT] Compilando con Add-Type...
[2026-05-14 22:37:46.288] [OK] Compilacion exitosa
[2026-05-14 22:37:46.291] [INIT] Buscando tipos compilados...
[2026-05-14 22:37:46.303] [OK] Tipo Program encontrado
[2026-05-14 22:37:46.304] [OK] Tipo BusinessForm encontrado
[2026-05-14 22:37:46.312] [OK] Tipo BusinessData encontrado
[2026-05-14 22:37:46.322] [INIT] Cargando config desde: C:\Users\joanc\Downloads\Nueva carpeta (6)\scripts\ia_juris_business_launcher.config.json
[2026-05-14 22:37:46.325] [INIT] Config existe: True
[2026-05-14 22:37:46.335] [INIT] Invocando LoadConfig...
[2026-05-14 22:37:46.375] [OK] Config cargada: RefreshSeconds=5, UsersReportUrl=https://ia-juris-app.vercel.app/api/auth/users-report
[2026-05-14 22:37:46.378] [INIT] Configurando Application.EnableVisualStyles()...
[2026-05-14 22:37:46.386] [OK] Application configurada
[2026-05-14 22:37:46.389] [INIT] Creando instancia de BusinessForm...
[2026-05-14 22:37:46.425] [OK] BusinessForm creada (tipo: BusinessForm)
[2026-05-14 22:37:46.431] [OK] BusinessForm es valido: Text=IA Juris - Control Comercial, Size=1180x740
[2026-05-14 22:37:46.431] [INIT] Ejecutando Application.Run()...
[2026-05-14 22:37:46.437] [INIT] Thread: 14, IsBackground: False
[2026-05-14 22:37:57.312] [OK] Application.Run() finalizado
[2026-05-14 22:37:57.315] [END] Script finalizado
[2026-05-14 22:37:59.100] [OK] Application.Run() finalizado
[2026-05-14 22:37:59.105] [END] Script finalizado
[2026-05-16 10:58:52.192] [INIT] Iniciando compilacion...
[2026-05-16 10:58:52.397] [INIT] Archivo fuente cargado (38 KB)
[2026-05-16 10:58:52.397] [INIT] Compilando con Add-Type...
[2026-05-16 10:58:53.078] [OK] Compilacion exitosa
[2026-05-16 10:58:53.078] [INIT] Buscando tipos compilados...
[2026-05-16 10:58:53.095] [OK] Tipo Program encontrado
[2026-05-16 10:58:53.097] [OK] Tipo BusinessForm encontrado
[2026-05-16 10:58:53.101] [OK] Tipo BusinessData encontrado
[2026-05-16 10:58:53.114] [INIT] Cargando config desde: C:\Users\joanc\Downloads\Nueva carpeta (6)\scripts\ia_juris_business_launcher.config.json
[2026-05-16 10:58:53.117] [INIT] Config existe: True
[2026-05-16 10:58:53.136] [INIT] Invocando LoadConfig...
[2026-05-16 10:58:53.223] [OK] Config cargada: RefreshSeconds=5, UsersReportUrl=https://ia-juris-app.vercel.app/api/auth/users-report
[2026-05-16 10:58:53.225] [INIT] Configurando Application.EnableVisualStyles()...
[2026-05-16 10:58:53.239] [OK] Application configurada
[2026-05-16 10:58:53.239] [INIT] Creando instancia de BusinessForm...
[2026-05-16 10:58:53.402] [OK] BusinessForm creada (tipo: BusinessForm)
[2026-05-16 10:58:53.412] [OK] BusinessForm es valido: Text=IA Juris - Control Comercial, Size=1180x740
[2026-05-16 10:58:53.413] [INIT] Ejecutando Application.Run()...
[2026-05-16 10:58:53.420] [INIT] Thread: 14, IsBackground: False
[2026-05-16 10:58:53.572] [INIT] Iniciando compilacion...
[2026-05-16 10:58:53.668] [INIT] Archivo fuente cargado (38 KB)
[2026-05-16 10:58:53.678] [INIT] Compilando con Add-Type...
[2026-05-16 10:58:54.120] [OK] Compilacion exitosa
[2026-05-16 10:58:54.124] [INIT] Buscando tipos compilados...
[2026-05-16 10:58:54.132] [OK] Tipo Program encontrado
[2026-05-16 10:58:54.145] [OK] Tipo BusinessForm encontrado
[2026-05-16 10:58:54.148] [OK] Tipo BusinessData encontrado
[2026-05-16 10:58:54.164] [INIT] Cargando config desde: C:\Users\joanc\Downloads\Nueva carpeta (6)\scripts\ia_juris_business_launcher.config.json
[2026-05-16 10:58:54.179] [INIT] Config existe: True
[2026-05-16 10:58:54.211] [INIT] Invocando LoadConfig...
[2026-05-16 10:58:54.323] [OK] Config cargada: RefreshSeconds=5, UsersReportUrl=https://ia-juris-app.vercel.app/api/auth/users-report
[2026-05-16 10:58:54.329] [INIT] Configurando Application.EnableVisualStyles()...
[2026-05-16 10:58:54.339] [OK] Application configurada
[2026-05-16 10:58:54.339] [INIT] Creando instancia de BusinessForm...
[2026-05-16 10:58:54.450] [OK] BusinessForm creada (tipo: BusinessForm)
[2026-05-16 10:58:54.466] [OK] BusinessForm es valido: Text=IA Juris - Control Comercial, Size=1180x740
[2026-05-16 10:58:54.469] [INIT] Ejecutando Application.Run()...
[2026-05-16 10:58:54.472] [INIT] Thread: 14, IsBackground: False
[2026-05-16 10:58:56.789] [OK] Application.Run() finalizado
[2026-05-16 10:58:56.792] [END] Script finalizado
[2026-05-16 10:58:58.061] [OK] Application.Run() finalizado
[2026-05-16 10:58:58.062] [END] Script finalizado
