[2026-05-06T03:41:22.7393509-04:00] Watchdog tick OK
[2026-05-06T03:43:25.9277125-04:00] Watchdog error: Este comando no se puede ejecutar porque "RedirectStandardOutput" y "RedirectStandardError" son iguales. Proporcione entradas diferentes y ejecute el comando de nuevo.
[2026-05-06T03:45:26.0429356-04:00] Watchdog tick OK
[2026-05-06T03:47:26.1620573-04:00] Watchdog tick OK
[2026-05-06T03:49:26.2088067-04:00] Watchdog tick OK
[2026-05-06T03:51:26.3360735-04:00] Watchdog tick OK
[2026-05-06T03:53:26.4021072-04:00] Watchdog tick OK
[2026-05-06T03:55:26.5785172-04:00] Watchdog tick OK
[2026-05-06T03:57:26.6872430-04:00] Watchdog tick OK
[2026-05-06T03:59:26.7385296-04:00] Watchdog tick OK
[2026-05-06T04:01:26.7898823-04:00] Watchdog tick OK
[2026-05-06T04:03:26.8548151-04:00] Watchdog tick OK
[2026-05-06T04:05:26.9489399-04:00] Watchdog tick OK
[2026-05-06T04:07:27.0410228-04:00] Watchdog tick OK
[2026-05-06T04:09:27.1372498-04:00] Watchdog tick OK
[2026-05-06T04:11:27.1774967-04:00] Watchdog tick OK
[2026-05-06T04:13:27.2844709-04:00] Watchdog tick OK
[2026-05-06T04:15:27.3162145-04:00] Watchdog tick OK
[2026-05-06T04:17:27.5885500-04:00] Watchdog tick OK
[2026-05-06T04:19:30.0390073-04:00] Watchdog tick OK
[2026-05-06T04:21:32.4539743-04:00] Watchdog tick OK
[2026-05-06T04:23:34.7595948-04:00] Watchdog tick OK
[2026-05-06T10:35:17.8762261-04:00] Watchdog tick OK
[2026-05-06T10:37:20.3500248-04:00] Watchdog tick OK
[2026-05-06T10:39:22.9015995-04:00] Watchdog tick OK
[2026-05-06T10:41:25.2854042-04:00] Watchdog tick OK
[2026-05-06T21:32:15.8446856-04:00] Watchdog error: Este comando no se puede ejecutar porque "RedirectStandardOutput" y "RedirectStandardError" son iguales. Proporcione entradas diferentes y ejecute el comando de nuevo.
[2026-05-06T21:34:18.0265786-04:00] Watchdog error: Este comando no se puede ejecutar porque "RedirectStandardOutput" y "RedirectStandardError" son iguales. Proporcione entradas diferentes y ejecute el comando de nuevo.
[2026-05-06T21:36:20.0793219-04:00] Watchdog error: Este comando no se puede ejecutar porque "RedirectStandardOutput" y "RedirectStandardError" son iguales. Proporcione entradas diferentes y ejecute el comando de nuevo.
[2026-05-06T21:38:22.1463283-04:00] Watchdog error: Este comando no se puede ejecutar porque "RedirectStandardOutput" y "RedirectStandardError" son iguales. Proporcione entradas diferentes y ejecute el comando de nuevo.
[2026-05-06T21:40:30.2890880-04:00] Watchdog error: Este comando no se puede ejecutar porque "RedirectStandardOutput" y "RedirectStandardError" son iguales. Proporcione entradas diferentes y ejecute el comando de nuevo.
[2026-05-06T21:42:33.4383516-04:00] Watchdog error: Excepción al llamar a ".ctor" con los argumentos "2": "El proceso no puede obtener acceso al archivo 'C:\Users\joanc\Downloads\Nueva carpeta (6)\runtime-logs\secure_proxy.log' porque está siendo utilizado en otro proceso."
[2026-05-06T21:44:41.8564410-04:00] Watchdog tick OK
[2026-05-06T21:46:44.4295856-04:00] Watchdog tick OK
[2026-05-07T08:43:47.9933001-04:00] Watchdog error: Este comando no se puede ejecutar porque "RedirectStandardOutput" y "RedirectStandardError" son iguales. Proporcione entradas diferentes y ejecute el comando de nuevo.
[2026-05-07T08:45:53.0015319-04:00] Watchdog error: Excepción al llamar a ".ctor" con los argumentos "2": "El proceso no puede obtener acceso al archivo 'C:\Users\joanc\Downloads\Nueva carpeta (6)\runtime-logs\secure_proxy.log' porque está siendo utilizado en otro proceso."
[2026-05-07T08:48:00.3169134-04:00] Watchdog tick OK
[2026-05-07T08:50:00.4092992-04:00] Watchdog tick OK
[2026-05-07T08:52:00.5371788-04:00] Watchdog tick OK
[2026-05-07T08:54:00.7304110-04:00] Watchdog tick OK
[2026-05-07T08:56:00.8272939-04:00] Watchdog tick OK
[2026-05-07T08:58:00.8854832-04:00] Watchdog tick OK
[2026-05-07T09:00:00.9671921-04:00] Watchdog tick OK
[2026-05-07T09:02:01.0280226-04:00] Watchdog tick OK
[2026-05-07T09:04:01.1215209-04:00] Watchdog tick OK
[2026-05-07T09:06:01.2524315-04:00] Watchdog tick OK
[2026-05-07T09:08:01.3595868-04:00] Watchdog tick OK
[2026-05-07T09:10:01.4948041-04:00] Watchdog tick OK
[2026-05-07T09:12:01.5509554-04:00] Watchdog tick OK
[2026-05-07T09:14:01.6485575-04:00] Watchdog tick OK
[2026-05-07T09:16:01.7936913-04:00] Watchdog tick OK
[2026-05-07T09:18:01.9541116-04:00] Watchdog tick OK
[2026-05-07T09:20:02.0650994-04:00] Watchdog tick OK
[2026-05-07T09:22:02.1679578-04:00] Watchdog tick OK
[2026-05-07T09:24:02.4048804-04:00] Watchdog tick OK
[2026-05-07T09:26:02.4891138-04:00] Watchdog tick OK
[2026-05-07T09:28:02.5548366-04:00] Watchdog tick OK
[2026-05-07T09:30:02.6772328-04:00] Watchdog tick OK
[2026-05-07T09:32:02.7467436-04:00] Watchdog tick OK
[2026-05-07T09:34:02.8274260-04:00] Watchdog tick OK
[2026-05-07T09:36:02.9042986-04:00] Watchdog tick OK
[2026-05-07T09:38:03.0686605-04:00] Watchdog tick OK
[2026-05-07T09:40:03.1473491-04:00] Watchdog tick OK
[2026-05-07T09:42:03.2538811-04:00] Watchdog tick OK
[2026-05-07T09:44:03.3468501-04:00] Watchdog tick OK
[2026-05-07T09:46:03.5137219-04:00] Watchdog tick OK
[2026-05-07T09:48:03.6436679-04:00] Watchdog tick OK
[2026-05-07T09:50:03.7054396-04:00] Watchdog tick OK
[2026-05-07T09:52:03.8553772-04:00] Watchdog tick OK
[2026-05-07T09:54:03.9715513-04:00] Watchdog tick OK
[2026-05-07T09:56:04.1109175-04:00] Watchdog tick OK
[2026-05-07T09:58:04.2831485-04:00] Watchdog tick OK
[2026-05-07T10:00:04.4008526-04:00] Watchdog tick OK
[2026-05-07T10:02:04.5070938-04:00] Watchdog tick OK
[2026-05-07T10:04:04.6803472-04:00] Watchdog tick OK
[2026-05-07T10:06:04.8264493-04:00] Watchdog tick OK
[2026-05-07T10:08:04.9166307-04:00] Watchdog tick OK
[2026-05-07T10:10:04.9856539-04:00] Watchdog tick OK
[2026-05-07T10:12:05.0796443-04:00] Watchdog tick OK
[2026-05-07T10:14:05.2223770-04:00] Watchdog tick OK
[2026-05-07T10:16:05.3974624-04:00] Watchdog tick OK
[2026-05-07T10:18:05.5121211-04:00] Watchdog tick OK
[2026-05-07T10:20:05.6319878-04:00] Watchdog tick OK
[2026-05-07T10:22:05.7423005-04:00] Watchdog tick OK
[2026-05-07T10:24:05.8919220-04:00] Watchdog tick OK
[2026-05-07T10:26:06.0834657-04:00] Watchdog tick OK
[2026-05-07T10:28:06.1817433-04:00] Watchdog tick OK
[2026-05-07T10:30:06.3504207-04:00] Watchdog tick OK
[2026-05-07T10:32:06.4430567-04:00] Watchdog tick OK
[2026-05-07T10:34:06.5868030-04:00] Watchdog tick OK
[2026-05-07T10:36:06.7249154-04:00] Watchdog tick OK
[2026-05-07T10:38:06.8270053-04:00] Watchdog tick OK
[2026-05-07T10:40:06.9080275-04:00] Watchdog tick OK
[2026-05-07T10:42:07.0524574-04:00] Watchdog tick OK
[2026-05-07T10:44:07.1264770-04:00] Watchdog tick OK
[2026-05-07T10:46:07.2347474-04:00] Watchdog tick OK
[2026-05-07T10:48:07.3697203-04:00] Watchdog tick OK
[2026-05-07T10:50:07.4699076-04:00] Watchdog tick OK
[2026-05-07T10:52:07.5362858-04:00] Watchdog tick OK
[2026-05-07T10:54:07.6310070-04:00] Watchdog tick OK
[2026-05-07T10:56:07.7263140-04:00] Watchdog tick OK
[2026-05-07T10:58:07.8618461-04:00] Watchdog tick OK
[2026-05-07T11:00:08.0115892-04:00] Watchdog tick OK
[2026-05-07T11:02:08.1484244-04:00] Watchdog tick OK
[2026-05-07T11:04:08.2394131-04:00] Watchdog tick OK
[2026-05-07T11:06:08.3217798-04:00] Watchdog tick OK
[2026-05-07T11:08:08.3955558-04:00] Watchdog tick OK
[2026-05-07T11:10:08.5031603-04:00] Watchdog tick OK
[2026-05-07T11:12:08.6044975-04:00] Watchdog tick OK
[2026-05-07T11:14:08.6790202-04:00] Watchdog tick OK
[2026-05-07T11:16:08.7812135-04:00] Watchdog tick OK
[2026-05-07T12:33:28.0245509-04:00] Watchdog error: Este comando no se puede ejecutar porque "RedirectStandardOutput" y "RedirectStandardError" son iguales. Proporcione entradas diferentes y ejecute el comando de nuevo.
[2026-05-07T12:35:33.4990078-04:00] Watchdog error: Excepción al llamar a ".ctor" con los argumentos "2": "El proceso no puede obtener acceso al archivo 'C:\Users\joanc\Downloads\Nueva carpeta (6)\runtime-logs\secure_proxy.log' porque está siendo utilizado en otro proceso."
[2026-05-07T12:37:41.5245872-04:00] Watchdog tick OK
[2026-05-07T12:39:41.6495897-04:00] Watchdog tick OK
[2026-05-07T12:41:42.0059762-04:00] Watchdog tick OK
[2026-05-07T12:43:42.1619284-04:00] Watchdog tick OK
[2026-05-07T12:45:42.4110376-04:00] Watchdog tick OK
[2026-05-07T12:47:42.6070928-04:00] Watchdog tick OK
[2026-05-07T12:49:42.7806206-04:00] Watchdog tick OK
[2026-05-07T12:51:42.8403281-04:00] Watchdog tick OK
[2026-05-07T12:53:42.9834243-04:00] Watchdog tick OK
[2026-05-07T12:55:43.1981974-04:00] Watchdog tick OK
[2026-05-07T12:57:43.3762358-04:00] Watchdog tick OK
[2026-05-07T12:59:43.6733614-04:00] Watchdog tick OK
[2026-05-07T13:01:43.9052705-04:00] Watchdog tick OK
[2026-05-07T13:03:43.9875804-04:00] Watchdog tick OK
[2026-05-07T13:05:44.0486173-04:00] Watchdog tick OK
[2026-05-07T13:07:44.1620903-04:00] Watchdog tick OK
[2026-05-07T13:09:44.3139714-04:00] Watchdog tick OK
[2026-05-07T13:11:44.4807975-04:00] Watchdog tick OK
[2026-05-07T13:13:44.6299490-04:00] Watchdog tick OK
[2026-05-07T13:15:44.7387218-04:00] Watchdog tick OK
[2026-05-07T13:17:44.8706969-04:00] Watchdog tick OK
[2026-05-07T13:19:44.9471944-04:00] Watchdog tick OK
[2026-05-07T13:21:45.1751818-04:00] Watchdog tick OK
[2026-05-07T13:23:45.2346964-04:00] Watchdog tick OK
[2026-05-07T13:25:45.3945642-04:00] Watchdog tick OK
[2026-05-07T13:27:45.4851519-04:00] Watchdog tick OK
[2026-05-07T13:29:45.7923328-04:00] Watchdog tick OK
[2026-05-07T13:31:45.8378472-04:00] Watchdog tick OK
[2026-05-07T13:33:45.8884611-04:00] Watchdog tick OK
[2026-05-07T13:35:45.9552094-04:00] Watchdog tick OK
[2026-05-07T13:37:46.0228850-04:00] Watchdog tick OK
[2026-05-07T13:39:46.0598262-04:00] Watchdog tick OK
[2026-05-07T13:41:46.1005167-04:00] Watchdog tick OK
[2026-05-07T13:43:46.1681459-04:00] Watchdog tick OK
[2026-05-07T13:45:46.2241710-04:00] Watchdog tick OK
[2026-05-07T13:47:46.2697347-04:00] Watchdog tick OK
[2026-05-07T13:49:46.2947117-04:00] Watchdog tick OK
[2026-05-07T13:51:46.4016999-04:00] Watchdog tick OK
[2026-05-07T13:53:46.5217480-04:00] Watchdog tick OK
[2026-05-07T13:55:46.6554508-04:00] Watchdog tick OK
[2026-05-07T13:57:46.7852233-04:00] Watchdog tick OK
[2026-05-07T13:59:46.9207011-04:00] Watchdog tick OK
[2026-05-07T14:01:47.0445611-04:00] Watchdog tick OK
[2026-05-07T14:03:47.1649123-04:00] Watchdog tick OK
[2026-05-07T14:05:47.2002051-04:00] Watchdog tick OK
[2026-05-07T14:07:47.2634613-04:00] Watchdog tick OK
[2026-05-07T14:09:47.3953419-04:00] Watchdog tick OK
[2026-05-07T14:11:47.5268373-04:00] Watchdog tick OK
[2026-05-07T14:13:47.6508115-04:00] Watchdog tick OK
[2026-05-07T14:15:47.7796735-04:00] Watchdog tick OK
[2026-05-07T14:17:47.8115155-04:00] Watchdog tick OK
[2026-05-07T14:19:47.9344992-04:00] Watchdog tick OK
[2026-05-07T14:21:48.0519345-04:00] Watchdog tick OK
[2026-05-07T14:23:48.1879691-04:00] Watchdog tick OK
[2026-05-07T14:25:48.3080106-04:00] Watchdog tick OK
[2026-05-07T14:27:48.3583658-04:00] Watchdog tick OK
[2026-05-07T14:29:48.4805708-04:00] Watchdog tick OK
[2026-05-07T14:31:48.5401841-04:00] Watchdog tick OK
[2026-05-07T14:33:48.6280843-04:00] Watchdog tick OK
[2026-05-07T14:35:48.7392535-04:00] Watchdog tick OK
[2026-05-07T14:37:48.8300649-04:00] Watchdog tick OK
[2026-05-07T14:39:48.9181346-04:00] Watchdog tick OK
[2026-05-07T14:41:48.9900714-04:00] Watchdog tick OK
[2026-05-07T14:43:49.0474634-04:00] Watchdog tick OK
[2026-05-07T14:45:49.1016906-04:00] Watchdog tick OK
[2026-05-07T14:47:49.2013861-04:00] Watchdog tick OK
[2026-05-07T14:49:49.2708846-04:00] Watchdog tick OK
[2026-05-07T14:51:49.3409143-04:00] Watchdog tick OK
[2026-05-07T14:53:49.4310290-04:00] Watchdog tick OK
[2026-05-07T14:55:49.5476502-04:00] Watchdog tick OK
[2026-05-07T14:57:49.6147191-04:00] Watchdog tick OK
[2026-05-07T14:59:49.7120159-04:00] Watchdog tick OK
[2026-05-07T15:01:49.8080341-04:00] Watchdog tick OK
[2026-05-07T15:03:49.9499336-04:00] Watchdog tick OK
[2026-05-07T15:05:50.0313244-04:00] Watchdog tick OK
[2026-05-07T15:07:50.1566031-04:00] Watchdog tick OK
[2026-05-07T15:09:50.3242912-04:00] Watchdog tick OK
[2026-05-07T15:11:50.4340889-04:00] Watchdog tick OK
[2026-05-07T15:13:50.5079378-04:00] Watchdog tick OK
[2026-05-07T15:15:50.9391353-04:00] Watchdog tick OK
[2026-05-07T15:17:51.0869281-04:00] Watchdog tick OK
[2026-05-07T15:19:51.2397128-04:00] Watchdog tick OK
[2026-05-07T15:21:51.3588209-04:00] Watchdog tick OK
[2026-05-07T15:23:51.4198551-04:00] Watchdog tick OK
[2026-05-07T15:25:51.5115237-04:00] Watchdog tick OK
[2026-05-07T15:27:51.5872789-04:00] Watchdog tick OK
[2026-05-07T15:29:51.7103621-04:00] Watchdog tick OK
[2026-05-07T15:31:51.8931721-04:00] Watchdog tick OK
[2026-05-07T15:33:51.9778068-04:00] Watchdog tick OK
[2026-05-07T15:35:52.0246239-04:00] Watchdog tick OK
[2026-05-07T15:37:52.1219386-04:00] Watchdog tick OK
[2026-05-07T15:39:52.2620739-04:00] Watchdog tick OK
[2026-05-07T15:41:52.3299795-04:00] Watchdog tick OK
[2026-05-07T15:43:52.4618018-04:00] Watchdog tick OK
[2026-05-07T15:45:52.8485231-04:00] Watchdog tick OK
[2026-05-07T15:47:52.9264045-04:00] Watchdog tick OK
[2026-05-07T15:49:53.0166487-04:00] Watchdog tick OK
[2026-05-07T15:51:53.0870290-04:00] Watchdog tick OK
[2026-05-07T15:53:53.1669383-04:00] Watchdog tick OK
[2026-05-07T15:55:53.2901092-04:00] Watchdog tick OK
[2026-05-07T15:57:53.4006667-04:00] Watchdog tick OK
[2026-05-07T15:59:53.5099691-04:00] Watchdog tick OK
[2026-05-07T16:01:53.6169488-04:00] Watchdog tick OK
[2026-05-07T16:03:53.7033448-04:00] Watchdog tick OK
[2026-05-07T16:05:53.7486971-04:00] Watchdog tick OK
[2026-05-07T16:07:53.8245220-04:00] Watchdog tick OK
[2026-05-07T16:09:53.8919788-04:00] Watchdog tick OK
[2026-05-07T16:11:53.9361057-04:00] Watchdog tick OK
[2026-05-07T16:13:54.0269972-04:00] Watchdog tick OK
[2026-05-07T16:15:54.1274200-04:00] Watchdog tick OK
[2026-05-07T16:17:54.2196952-04:00] Watchdog tick OK
[2026-05-07T16:19:54.2806330-04:00] Watchdog tick OK
[2026-05-07T16:21:54.3831253-04:00] Watchdog tick OK
[2026-05-07T16:23:54.4271596-04:00] Watchdog tick OK
[2026-05-07T16:25:54.5289120-04:00] Watchdog tick OK
[2026-05-07T16:27:54.6189172-04:00] Watchdog tick OK
[2026-05-07T16:29:54.7190263-04:00] Watchdog tick OK
[2026-05-07T16:31:54.7810699-04:00] Watchdog tick OK
[2026-05-07T16:33:54.8303914-04:00] Watchdog tick OK
[2026-05-07T16:35:54.8935683-04:00] Watchdog tick OK
[2026-05-07T16:37:54.9879368-04:00] Watchdog tick OK
[2026-05-07T16:39:55.1158668-04:00] Watchdog tick OK
[2026-05-07T16:41:55.2011220-04:00] Watchdog tick OK
[2026-05-07T16:43:55.2514453-04:00] Watchdog tick OK
[2026-05-07T16:45:55.3094282-04:00] Watchdog tick OK
[2026-05-07T16:47:55.3640280-04:00] Watchdog tick OK
[2026-05-07T16:49:55.4274778-04:00] Watchdog tick OK
[2026-05-07T16:51:55.5552765-04:00] Watchdog tick OK
[2026-05-07T16:53:55.6451899-04:00] Watchdog tick OK
[2026-05-07T16:55:55.7410178-04:00] Watchdog tick OK
[2026-05-07T16:57:55.8155070-04:00] Watchdog tick OK
[2026-05-07T16:59:56.0489797-04:00] Watchdog tick OK
[2026-05-07T17:01:56.4845097-04:00] Watchdog tick OK
[2026-05-07T17:03:56.7856987-04:00] Watchdog tick OK
[2026-05-08T09:52:43.1378586-04:00] Watchdog error: Este comando no se puede ejecutar porque "RedirectStandardOutput" y "RedirectStandardError" son iguales. Proporcione entradas diferentes y ejecute el comando de nuevo.
[2026-05-08T21:03:50.5301765-04:00] Watchdog error: Este comando no se puede ejecutar porque "RedirectStandardOutput" y "RedirectStandardError" son iguales. Proporcione entradas diferentes y ejecute el comando de nuevo.
[2026-05-08T21:05:58.6791325-04:00] Watchdog error: Este comando no se puede ejecutar porque "RedirectStandardOutput" y "RedirectStandardError" son iguales. Proporcione entradas diferentes y ejecute el comando de nuevo.
[2026-05-08T21:08:18.9414295-04:00] Watchdog tick OK
[2026-05-08T21:10:19.0647229-04:00] Watchdog tick OK
[2026-05-08T21:12:19.1636380-04:00] Watchdog tick OK
[2026-05-08T21:14:19.2328277-04:00] Watchdog tick OK
[2026-05-08T21:16:19.3538319-04:00] Watchdog tick OK
[2026-05-08T21:18:19.4145663-04:00] Watchdog tick OK
[2026-05-08T21:20:19.4758368-04:00] Watchdog tick OK
[2026-05-08T21:22:19.5868198-04:00] Watchdog tick OK
[2026-05-08T21:24:19.7837937-04:00] Watchdog tick OK
[2026-05-08T21:26:19.8542186-04:00] Watchdog tick OK
[2026-05-08T21:28:19.9808434-04:00] Watchdog tick OK
[2026-05-08T21:30:20.0991913-04:00] Watchdog tick OK
[2026-05-08T21:32:20.1844020-04:00] Watchdog tick OK
[2026-05-08T21:34:20.2808218-04:00] Watchdog tick OK
[2026-05-08T21:36:20.3379737-04:00] Watchdog tick OK
[2026-05-08T21:38:20.4431248-04:00] Watchdog tick OK
[2026-05-08T21:40:20.5662642-04:00] Watchdog tick OK
[2026-05-08T21:42:20.6499800-04:00] Watchdog tick OK
[2026-05-08T21:44:20.7363486-04:00] Watchdog tick OK
[2026-05-08T21:46:20.8448009-04:00] Watchdog tick OK
[2026-05-08T21:48:20.8950691-04:00] Watchdog tick OK
[2026-05-08T21:50:20.9595426-04:00] Watchdog tick OK
[2026-05-08T21:52:21.0233660-04:00] Watchdog tick OK
[2026-05-08T21:54:21.1244182-04:00] Watchdog tick OK
[2026-05-08T21:56:21.1849361-04:00] Watchdog tick OK
[2026-05-08T21:58:21.2394077-04:00] Watchdog tick OK
[2026-05-08T22:00:21.3074229-04:00] Watchdog tick OK
[2026-05-08T22:02:21.3650139-04:00] Watchdog tick OK
[2026-05-08T22:04:21.4209697-04:00] Watchdog tick OK
[2026-05-08T22:06:21.4776664-04:00] Watchdog tick OK
[2026-05-08T22:08:21.5668148-04:00] Watchdog tick OK
[2026-05-08T22:10:21.6543865-04:00] Watchdog tick OK
[2026-05-08T22:12:21.7507013-04:00] Watchdog tick OK
[2026-05-08T22:14:21.8255302-04:00] Watchdog tick OK
[2026-05-08T22:16:21.8809061-04:00] Watchdog tick OK
[2026-05-08T22:18:21.9456865-04:00] Watchdog tick OK
[2026-05-08T22:20:22.0100768-04:00] Watchdog tick OK
[2026-05-08T22:22:22.0812552-04:00] Watchdog tick OK
[2026-05-08T22:24:22.1921857-04:00] Watchdog tick OK
[2026-05-08T22:26:22.2571023-04:00] Watchdog tick OK
[2026-05-08T22:28:22.3633110-04:00] Watchdog tick OK
[2026-05-08T22:30:22.4973189-04:00] Watchdog tick OK
[2026-05-08T22:32:22.5596994-04:00] Watchdog tick OK
[2026-05-08T22:34:22.6375759-04:00] Watchdog tick OK
[2026-05-08T22:36:22.7182884-04:00] Watchdog tick OK
[2026-05-08T22:38:22.7727167-04:00] Watchdog tick OK
[2026-05-08T22:40:22.8756761-04:00] Watchdog tick OK
[2026-05-08T22:42:22.9853773-04:00] Watchdog tick OK
[2026-05-08T22:44:23.0435235-04:00] Watchdog tick OK
[2026-05-08T22:46:23.1409407-04:00] Watchdog tick OK
[2026-05-08T22:48:23.2544347-04:00] Watchdog tick OK
[2026-05-08T22:50:23.3251974-04:00] Watchdog tick OK
[2026-05-08T22:52:23.4056359-04:00] Watchdog tick OK
[2026-05-08T22:54:23.5290003-04:00] Watchdog tick OK
[2026-05-08T22:56:23.6445335-04:00] Watchdog tick OK
[2026-05-08T22:58:23.7410776-04:00] Watchdog tick OK
[2026-05-08T23:00:23.8178691-04:00] Watchdog tick OK
[2026-05-08T23:02:23.8869533-04:00] Watchdog tick OK
[2026-05-08T23:04:24.0035971-04:00] Watchdog tick OK
[2026-05-08T23:06:24.2177752-04:00] Watchdog tick OK
[2026-05-08T23:08:24.2911656-04:00] Watchdog tick OK
[2026-05-08T23:10:24.3654050-04:00] Watchdog tick OK
[2026-05-08T23:12:24.4130675-04:00] Watchdog tick OK
[2026-05-08T23:14:24.4949728-04:00] Watchdog tick OK
[2026-05-09T00:32:14.9637190-04:00] Watchdog error: Este comando no se puede ejecutar porque "RedirectStandardOutput" y "RedirectStandardError" son iguales. Proporcione entradas diferentes y ejecute el comando de nuevo.
[2026-05-09T00:34:17.0427403-04:00] Watchdog error: Este comando no se puede ejecutar porque "RedirectStandardOutput" y "RedirectStandardError" son iguales. Proporcione entradas diferentes y ejecute el comando de nuevo.
[2026-05-09T00:36:19.0887190-04:00] Watchdog error: Este comando no se puede ejecutar porque "RedirectStandardOutput" y "RedirectStandardError" son iguales. Proporcione entradas diferentes y ejecute el comando de nuevo.
[2026-05-09T00:38:27.1501518-04:00] Watchdog error: Este comando no se puede ejecutar porque "RedirectStandardOutput" y "RedirectStandardError" son iguales. Proporcione entradas diferentes y ejecute el comando de nuevo.
[2026-05-09T00:40:39.4952338-04:00] Watchdog tick OK
[2026-05-09T07:54:56.7116579-04:00] Watchdog error: Este comando no se puede ejecutar porque "RedirectStandardOutput" y "RedirectStandardError" son iguales. Proporcione entradas diferentes y ejecute el comando de nuevo.
[2026-05-09T07:57:10.5731777-04:00] Watchdog tick OK
[2026-05-09T07:59:10.7096581-04:00] Watchdog tick OK
[2026-05-09T08:01:10.3679617-04:00] Watchdog tick OK
[2026-05-09T08:03:10.4085311-04:00] Watchdog tick OK
[2026-05-09T08:05:10.4817830-04:00] Watchdog tick OK
[2026-05-09T08:07:10.5507791-04:00] Watchdog tick OK
[2026-05-09T08:09:10.6035219-04:00] Watchdog tick OK
[2026-05-09T08:11:10.6718832-04:00] Watchdog tick OK
[2026-05-09T08:13:10.7748960-04:00] Watchdog tick OK
[2026-05-09T08:15:10.8334379-04:00] Watchdog tick OK
[2026-05-09T08:17:10.8943589-04:00] Watchdog tick OK
[2026-05-09T08:19:11.0194899-04:00] Watchdog tick OK
[2026-05-09T22:12:11.0094189-04:00] Watchdog tick OK
[2026-05-09T22:14:10.4301807-04:00] Watchdog tick OK
[2026-05-09T22:16:10.5183239-04:00] Watchdog tick OK
[2026-05-09T22:18:10.5838546-04:00] Watchdog tick OK
[2026-05-09T22:20:10.7048208-04:00] Watchdog tick OK
[2026-05-09T22:22:10.7813858-04:00] Watchdog tick OK
[2026-05-09T22:24:10.8883302-04:00] Watchdog tick OK
[2026-05-09T22:26:10.9887415-04:00] Watchdog tick OK
[2026-05-09T22:28:11.1105156-04:00] Watchdog tick OK
[2026-05-09T22:30:11.1714726-04:00] Watchdog tick OK
[2026-05-09T22:32:11.2671510-04:00] Watchdog tick OK
[2026-05-09T22:34:11.2979306-04:00] Watchdog tick OK
[2026-05-09T22:36:11.3471875-04:00] Watchdog tick OK
[2026-05-09T22:38:11.4461721-04:00] Watchdog tick OK
[2026-05-09T22:40:11.5031892-04:00] Watchdog tick OK
[2026-05-09T22:42:11.5647032-04:00] Watchdog tick OK
[2026-05-09T22:44:11.6633305-04:00] Watchdog tick OK
[2026-05-09T22:46:11.7588193-04:00] Watchdog tick OK
[2026-05-09T22:48:11.8651283-04:00] Watchdog tick OK
[2026-05-09T22:50:11.9750737-04:00] Watchdog tick OK
[2026-05-09T22:52:12.0904339-04:00] Watchdog tick OK
[2026-05-09T22:54:12.1467860-04:00] Watchdog tick OK
[2026-05-09T22:56:12.2379488-04:00] Watchdog tick OK
[2026-05-09T22:58:12.2998967-04:00] Watchdog tick OK
[2026-05-09T23:00:12.3641113-04:00] Watchdog tick OK
[2026-05-09T23:02:12.4157327-04:00] Watchdog tick OK
[2026-05-09T23:04:12.4771314-04:00] Watchdog tick OK
[2026-05-09T23:06:12.5137585-04:00] Watchdog tick OK
[2026-05-09T23:08:12.6489149-04:00] Watchdog tick OK
[2026-05-09T23:10:12.7008546-04:00] Watchdog tick OK
[2026-05-09T23:12:12.8027803-04:00] Watchdog tick OK
[2026-05-09T23:14:12.9069710-04:00] Watchdog tick OK
[2026-05-09T23:16:13.0101983-04:00] Watchdog tick OK
[2026-05-09T23:18:13.1394762-04:00] Watchdog tick OK
[2026-05-09T23:20:13.2205574-04:00] Watchdog tick OK
[2026-05-09T23:22:13.3094833-04:00] Watchdog tick OK
[2026-05-09T23:24:13.3715301-04:00] Watchdog tick OK
[2026-05-09T23:26:13.4807039-04:00] Watchdog tick OK
[2026-05-09T23:28:13.6103292-04:00] Watchdog tick OK
[2026-05-09T23:30:13.6756991-04:00] Watchdog tick OK
[2026-05-09T23:32:13.7963074-04:00] Watchdog tick OK
[2026-05-09T23:34:13.8650764-04:00] Watchdog tick OK
[2026-05-09T23:36:13.9327385-04:00] Watchdog tick OK
[2026-05-10T00:56:29.6754985-04:00] Watchdog error: Este comando no se puede ejecutar porque "RedirectStandardOutput" y "RedirectStandardError" son iguales. Proporcione entradas diferentes y ejecute el comando de nuevo.
[2026-05-10T00:56:33.1622393-04:00] Watchdog error: Este comando no se puede ejecutar porque "RedirectStandardOutput" y "RedirectStandardError" son iguales. Proporcione entradas diferentes y ejecute el comando de nuevo.
[2026-05-10T00:58:40.5922788-04:00] Watchdog error: No se puede leer la secuencia.
[2026-05-10T00:58:44.8336787-04:00] Watchdog tick OK
[2026-05-10T01:00:40.8076950-04:00] Watchdog tick OK
[2026-05-10T01:00:44.9826009-04:00] Watchdog tick OK
[2026-05-10T01:02:40.8555587-04:00] Watchdog tick OK
[2026-05-10T01:02:45.0435491-04:00] Watchdog tick OK
[2026-05-10T01:04:40.9395951-04:00] Watchdog tick OK
[2026-05-10T01:04:45.1783222-04:00] Watchdog tick OK
[2026-05-10T01:06:40.9995991-04:00] Watchdog tick OK
[2026-05-10T01:06:45.2467476-04:00] Watchdog tick OK
[2026-05-10T01:08:41.0446499-04:00] Watchdog tick OK
[2026-05-10T01:08:45.3172987-04:00] Watchdog tick OK
[2026-05-10T01:10:41.1131637-04:00] Watchdog tick OK
[2026-05-10T01:10:45.3761223-04:00] Watchdog tick OK
[2026-05-10T01:12:41.1979517-04:00] Watchdog tick OK
[2026-05-10T01:12:45.4354636-04:00] Watchdog tick OK
[2026-05-10T01:14:41.2919367-04:00] Watchdog tick OK
[2026-05-10T01:14:45.5295868-04:00] Watchdog tick OK
[2026-05-10T01:16:41.4239461-04:00] Watchdog tick OK
[2026-05-10T01:16:45.5929998-04:00] Watchdog tick OK
[2026-05-10T01:18:41.5155626-04:00] Watchdog tick OK
[2026-05-10T01:18:45.6806418-04:00] Watchdog tick OK
[2026-05-10T01:20:41.5807728-04:00] Watchdog tick OK
[2026-05-10T01:20:45.7946362-04:00] Watchdog tick OK
[2026-05-10T01:22:41.7017322-04:00] Watchdog tick OK
[2026-05-10T01:22:45.8849256-04:00] Watchdog tick OK
[2026-05-10T01:24:41.8159251-04:00] Watchdog tick OK
[2026-05-10T01:24:45.9615921-04:00] Watchdog tick OK
[2026-05-10T01:26:41.8709573-04:00] Watchdog tick OK
[2026-05-10T01:26:46.0124339-04:00] Watchdog tick OK
[2026-05-10T01:28:42.0663989-04:00] Watchdog tick OK
[2026-05-10T01:28:46.0726815-04:00] Watchdog tick OK
[2026-05-10T01:30:42.2299585-04:00] Watchdog tick OK
[2026-05-10T01:30:46.1500465-04:00] Watchdog tick OK
[2026-05-10T01:32:42.2918478-04:00] Watchdog tick OK
[2026-05-10T01:32:46.2010460-04:00] Watchdog tick OK
[2026-05-10T01:34:42.3472798-04:00] Watchdog tick OK
[2026-05-10T01:34:46.2786310-04:00] Watchdog tick OK
[2026-05-10T01:36:42.4301327-04:00] Watchdog tick OK
[2026-05-10T01:36:46.3518961-04:00] Watchdog tick OK
[2026-05-10T01:38:42.4879455-04:00] Watchdog tick OK
[2026-05-10T01:38:46.4074180-04:00] Watchdog tick OK
[2026-05-10T01:40:42.5730356-04:00] Watchdog tick OK
[2026-05-10T01:40:46.4992374-04:00] Watchdog tick OK
[2026-05-10T01:42:42.6255269-04:00] Watchdog tick OK
[2026-05-10T01:42:46.5746199-04:00] Watchdog tick OK
[2026-05-10T01:44:42.7044707-04:00] Watchdog tick OK
[2026-05-10T01:44:46.6269480-04:00] Watchdog tick OK
[2026-05-10T01:46:42.7941690-04:00] Watchdog tick OK
[2026-05-10T01:46:46.7364794-04:00] Watchdog tick OK
[2026-05-10T01:48:42.8610977-04:00] Watchdog tick OK
[2026-05-10T01:48:46.8408825-04:00] Watchdog tick OK
[2026-05-10T01:50:42.9542998-04:00] Watchdog tick OK
[2026-05-10T01:50:46.9630221-04:00] Watchdog tick OK
[2026-05-10T01:52:43.0542577-04:00] Watchdog tick OK
[2026-05-10T01:52:47.0117629-04:00] Watchdog tick OK
[2026-05-10T01:54:43.1749198-04:00] Watchdog tick OK
[2026-05-10T01:54:47.0893340-04:00] Watchdog tick OK
[2026-05-10T01:56:43.2764511-04:00] Watchdog tick OK
[2026-05-10T01:56:47.1602146-04:00] Watchdog tick OK
[2026-05-10T01:58:43.3422857-04:00] Watchdog tick OK
[2026-05-10T01:58:47.2744392-04:00] Watchdog tick OK
[2026-05-10T02:00:43.4191170-04:00] Watchdog tick OK
[2026-05-10T02:00:47.3696219-04:00] Watchdog tick OK
[2026-05-10T02:02:43.5357643-04:00] Watchdog tick OK
[2026-05-10T02:02:47.4552672-04:00] Watchdog tick OK
[2026-05-10T02:04:43.6023245-04:00] Watchdog tick OK
[2026-05-10T02:04:47.5370367-04:00] Watchdog tick OK
[2026-05-10T19:17:56.3110835-04:00] Watchdog error: Este comando no se puede ejecutar porque "RedirectStandardOutput" y "RedirectStandardError" son iguales. Proporcione entradas diferentes y ejecute el comando de nuevo.
[2026-05-10T19:20:05.7959643-04:00] Watchdog error: El proceso no puede obtener acceso al archivo 'C:\Users\joanc\Downloads\Nueva carpeta (6)\runtime-pids\cloudflared.pid' porque está siendo utilizado en otro proceso.
[2026-05-10T19:20:10.0715684-04:00] Watchdog tick OK
[2026-05-10T19:22:05.9348072-04:00] Watchdog tick OK
[2026-05-10T19:22:10.1564784-04:00] Watchdog tick OK
[2026-05-10T21:16:56.4609359-04:00] Watchdog error: Este comando no se puede ejecutar porque "RedirectStandardOutput" y "RedirectStandardError" son iguales. Proporcione entradas diferentes y ejecute el comando de nuevo.
[2026-05-10T21:16:57.3934667-04:00] Watchdog error: Este comando no se puede ejecutar porque "RedirectStandardOutput" y "RedirectStandardError" son iguales. Proporcione entradas diferentes y ejecute el comando de nuevo.
[2026-05-10T21:19:04.4057956-04:00] Watchdog tick OK
[2026-05-10T21:19:08.4331318-04:00] Watchdog tick OK
[2026-05-10T21:21:04.3412098-04:00] Watchdog tick OK
[2026-05-10T21:21:08.3585030-04:00] Watchdog tick OK
[2026-05-10T21:23:04.4369732-04:00] Watchdog tick OK
[2026-05-10T21:23:08.4300703-04:00] Watchdog tick OK
[2026-05-10T21:25:04.5540882-04:00] Watchdog tick OK
[2026-05-10T21:25:08.5050418-04:00] Watchdog tick OK
[2026-05-10T21:27:04.6329186-04:00] Watchdog tick OK
[2026-05-10T21:27:08.6397528-04:00] Watchdog tick OK
[2026-05-10T21:29:04.6893391-04:00] Watchdog tick OK
[2026-05-10T21:29:08.6953330-04:00] Watchdog tick OK
[2026-05-10T21:31:04.7544862-04:00] Watchdog tick OK
[2026-05-10T21:31:08.7680540-04:00] Watchdog tick OK
[2026-05-10T21:33:04.8092354-04:00] Watchdog tick OK
[2026-05-10T21:33:08.8264109-04:00] Watchdog tick OK
[2026-05-10T21:35:04.8796340-04:00] Watchdog tick OK
[2026-05-10T21:35:08.9306201-04:00] Watchdog tick OK
[2026-05-10T21:37:05.0384319-04:00] Watchdog tick OK
[2026-05-10T21:37:09.0068436-04:00] Watchdog tick OK
[2026-05-10T21:39:05.1220757-04:00] Watchdog tick OK
[2026-05-10T21:39:09.0731922-04:00] Watchdog tick OK
[2026-05-10T21:41:05.2153484-04:00] Watchdog tick OK
[2026-05-10T21:41:09.1415956-04:00] Watchdog tick OK
[2026-05-10T21:43:05.3151334-04:00] Watchdog tick OK
[2026-05-10T21:43:09.2591062-04:00] Watchdog tick OK
[2026-05-10T21:45:05.4506674-04:00] Watchdog tick OK
[2026-05-10T21:45:09.3843836-04:00] Watchdog tick OK
[2026-05-10T21:47:05.5428563-04:00] Watchdog tick OK
[2026-05-10T21:47:09.4471904-04:00] Watchdog tick OK
[2026-05-10T21:49:05.6264220-04:00] Watchdog tick OK
[2026-05-10T21:49:09.5185242-04:00] Watchdog tick OK
[2026-05-10T21:51:05.7646694-04:00] Watchdog tick OK
[2026-05-10T21:51:09.6360756-04:00] Watchdog tick OK
[2026-05-10T21:53:05.8081241-04:00] Watchdog tick OK
[2026-05-10T21:53:09.7265147-04:00] Watchdog tick OK
[2026-05-10T21:55:05.8973241-04:00] Watchdog tick OK
[2026-05-10T21:55:09.7974939-04:00] Watchdog tick OK
[2026-05-10T21:57:06.0217544-04:00] Watchdog tick OK
[2026-05-10T21:57:09.8621870-04:00] Watchdog tick OK
[2026-05-10T21:59:06.1094488-04:00] Watchdog tick OK
[2026-05-10T21:59:09.9920169-04:00] Watchdog tick OK
[2026-05-10T22:01:08.5178191-04:00] Watchdog tick OK
[2026-05-10T22:01:10.8531456-04:00] Watchdog tick OK
[2026-05-10T22:03:08.7779590-04:00] Watchdog tick OK
[2026-05-10T22:03:11.0122833-04:00] Watchdog tick OK
[2026-05-10T22:05:08.9256173-04:00] Watchdog tick OK
[2026-05-10T22:05:11.2806115-04:00] Watchdog tick OK
[2026-05-10T22:08:31.8522971-04:00] Watchdog tick OK
[2026-05-10T22:08:34.2180512-04:00] Watchdog tick OK
[2026-05-11T09:53:00.4068624-04:00] Watchdog error: Este comando no se puede ejecutar porque "RedirectStandardOutput" y "RedirectStandardError" son iguales. Proporcione entradas diferentes y ejecute el comando de nuevo.
[2026-05-11T09:53:01.7049824-04:00] Watchdog error: Este comando no se puede ejecutar porque "RedirectStandardOutput" y "RedirectStandardError" son iguales. Proporcione entradas diferentes y ejecute el comando de nuevo.
[2026-05-11T09:55:05.6994715-04:00] Watchdog error: No se puede leer la secuencia.
[2026-05-11T09:55:15.0993636-04:00] Watchdog tick OK
[2026-05-11T09:57:05.8746235-04:00] Watchdog tick OK
[2026-05-11T09:57:15.1381286-04:00] Watchdog tick OK
[2026-05-11T09:59:05.9440861-04:00] Watchdog tick OK
[2026-05-11T09:59:15.2239083-04:00] Watchdog tick OK
[2026-05-11T10:01:06.0171542-04:00] Watchdog tick OK
[2026-05-11T10:01:15.3401010-04:00] Watchdog tick OK
[2026-05-11T10:03:06.0981028-04:00] Watchdog tick OK
[2026-05-11T10:03:15.4835733-04:00] Watchdog tick OK
[2026-05-11T10:05:06.2901922-04:00] Watchdog tick OK
[2026-05-11T10:05:15.5491623-04:00] Watchdog tick OK
[2026-05-11T10:07:06.3706067-04:00] Watchdog tick OK
[2026-05-11T10:07:15.6024040-04:00] Watchdog tick OK
[2026-05-11T10:09:06.4433443-04:00] Watchdog tick OK
[2026-05-11T10:09:15.6727953-04:00] Watchdog tick OK
[2026-05-11T10:11:06.5376526-04:00] Watchdog tick OK
[2026-05-11T10:11:15.8248528-04:00] Watchdog tick OK
[2026-05-11T10:13:06.6001615-04:00] Watchdog tick OK
[2026-05-11T10:13:15.8791336-04:00] Watchdog tick OK
[2026-05-11T10:15:06.6627984-04:00] Watchdog tick OK
[2026-05-11T10:15:15.9485642-04:00] Watchdog tick OK
[2026-05-11T10:17:06.7551782-04:00] Watchdog tick OK
[2026-05-11T10:17:16.0450704-04:00] Watchdog tick OK
[2026-05-11T10:19:06.9444755-04:00] Watchdog tick OK
[2026-05-11T10:19:16.3319532-04:00] Watchdog tick OK
[2026-05-11T10:21:07.0469377-04:00] Watchdog tick OK
[2026-05-11T10:21:16.3738045-04:00] Watchdog tick OK
[2026-05-11T10:23:07.0877413-04:00] Watchdog tick OK
[2026-05-11T10:23:16.4107616-04:00] Watchdog tick OK
[2026-05-11T10:25:07.1682819-04:00] Watchdog tick OK
[2026-05-11T10:25:16.5394139-04:00] Watchdog tick OK
[2026-05-11T10:27:07.2868421-04:00] Watchdog tick OK
[2026-05-11T10:27:16.6550839-04:00] Watchdog tick OK
[2026-05-11T10:29:07.3765225-04:00] Watchdog tick OK
[2026-05-11T10:29:16.8870790-04:00] Watchdog tick OK
[2026-05-11T10:31:07.5167137-04:00] Watchdog tick OK
[2026-05-11T10:31:16.9659757-04:00] Watchdog tick OK
[2026-05-11T10:33:07.6119840-04:00] Watchdog tick OK
[2026-05-11T10:33:17.0366580-04:00] Watchdog tick OK
[2026-05-11T10:35:07.6789039-04:00] Watchdog tick OK
[2026-05-11T10:35:17.1135226-04:00] Watchdog tick OK
[2026-05-11T10:37:07.7684699-04:00] Watchdog tick OK
[2026-05-11T10:37:17.1775402-04:00] Watchdog tick OK
[2026-05-11T10:39:07.8221674-04:00] Watchdog tick OK
[2026-05-11T10:39:17.2242072-04:00] Watchdog tick OK
[2026-05-11T10:41:08.5211545-04:00] Watchdog tick OK
[2026-05-11T10:41:17.5108216-04:00] Watchdog tick OK
[2026-05-11T10:43:08.6556022-04:00] Watchdog tick OK
[2026-05-11T10:43:17.6031144-04:00] Watchdog tick OK
[2026-05-11T10:45:08.7562163-04:00] Watchdog tick OK
[2026-05-11T10:45:17.7011808-04:00] Watchdog tick OK
[2026-05-11T10:47:08.8968923-04:00] Watchdog tick OK
[2026-05-11T10:47:18.0178192-04:00] Watchdog tick OK
[2026-05-11T10:49:08.9672157-04:00] Watchdog tick OK
[2026-05-11T10:49:18.0847807-04:00] Watchdog tick OK
[2026-05-11T10:51:09.0384562-04:00] Watchdog tick OK
[2026-05-11T10:51:18.1985979-04:00] Watchdog tick OK
[2026-05-11T10:53:09.5766513-04:00] Watchdog tick OK
[2026-05-11T10:53:18.2807327-04:00] Watchdog tick OK
[2026-05-11T10:55:09.6745857-04:00] Watchdog tick OK
[2026-05-11T10:55:18.3824179-04:00] Watchdog tick OK
[2026-05-11T10:57:09.7636371-04:00] Watchdog tick OK
[2026-05-11T10:57:18.4459978-04:00] Watchdog tick OK
[2026-05-11T10:59:09.8381069-04:00] Watchdog tick OK
[2026-05-11T10:59:18.5056197-04:00] Watchdog tick OK
[2026-05-11T11:01:09.8929692-04:00] Watchdog tick OK
[2026-05-11T11:01:18.5739637-04:00] Watchdog tick OK
[2026-05-11T11:03:09.9798147-04:00] Watchdog tick OK
[2026-05-11T11:03:18.6629944-04:00] Watchdog tick OK
[2026-05-11T11:05:10.0545124-04:00] Watchdog tick OK
[2026-05-11T11:05:18.7579462-04:00] Watchdog tick OK
[2026-05-11T11:07:10.1358801-04:00] Watchdog tick OK
[2026-05-11T11:07:18.8314810-04:00] Watchdog tick OK
[2026-05-11T11:09:10.2607736-04:00] Watchdog tick OK
[2026-05-11T11:09:18.9001685-04:00] Watchdog tick OK
[2026-05-11T11:11:10.3278294-04:00] Watchdog tick OK
[2026-05-11T11:11:18.9676730-04:00] Watchdog tick OK
[2026-05-11T11:13:10.4498742-04:00] Watchdog tick OK
[2026-05-11T11:13:19.0456123-04:00] Watchdog tick OK
[2026-05-11T11:15:10.5201812-04:00] Watchdog tick OK
[2026-05-11T11:15:19.1413113-04:00] Watchdog tick OK
[2026-05-11T11:17:10.5953029-04:00] Watchdog tick OK
[2026-05-11T11:17:19.1998093-04:00] Watchdog tick OK
[2026-05-11T11:19:10.6829163-04:00] Watchdog tick OK
[2026-05-11T11:19:19.2558532-04:00] Watchdog tick OK
[2026-05-11T11:21:10.7558389-04:00] Watchdog tick OK
[2026-05-11T11:21:19.3155784-04:00] Watchdog tick OK
[2026-05-11T11:23:10.8433777-04:00] Watchdog tick OK
[2026-05-11T11:23:19.4132892-04:00] Watchdog tick OK
[2026-05-11T11:25:10.8987649-04:00] Watchdog tick OK
[2026-05-11T11:25:19.4671459-04:00] Watchdog tick OK
[2026-05-11T11:27:10.9759585-04:00] Watchdog tick OK
[2026-05-11T11:27:19.5396454-04:00] Watchdog tick OK
[2026-05-11T11:29:11.0744214-04:00] Watchdog tick OK
[2026-05-11T11:29:19.6325476-04:00] Watchdog tick OK
[2026-05-11T11:31:11.1695893-04:00] Watchdog tick OK
[2026-05-11T11:31:19.6931678-04:00] Watchdog tick OK
[2026-05-11T11:33:11.2483816-04:00] Watchdog tick OK
[2026-05-11T11:33:19.7984149-04:00] Watchdog tick OK
[2026-05-11T11:35:11.3221930-04:00] Watchdog tick OK
[2026-05-11T11:35:19.8940313-04:00] Watchdog tick OK
[2026-05-11T11:37:11.3857883-04:00] Watchdog tick OK
[2026-05-11T11:37:20.0187849-04:00] Watchdog tick OK
[2026-05-11T11:39:11.4585318-04:00] Watchdog tick OK
[2026-05-11T11:39:20.0887673-04:00] Watchdog tick OK
[2026-05-11T11:41:11.5533309-04:00] Watchdog tick OK
[2026-05-11T11:41:20.4543173-04:00] Watchdog tick OK
[2026-05-11T11:43:11.6568518-04:00] Watchdog tick OK
[2026-05-11T11:43:20.5737614-04:00] Watchdog tick OK
[2026-05-11T11:45:11.9696657-04:00] Watchdog tick OK
[2026-05-11T11:45:20.6631138-04:00] Watchdog tick OK
[2026-05-11T11:47:12.1251829-04:00] Watchdog tick OK
[2026-05-11T11:47:20.7675565-04:00] Watchdog tick OK
[2026-05-11T11:49:12.2184421-04:00] Watchdog tick OK
[2026-05-11T11:49:20.8878191-04:00] Watchdog tick OK
[2026-05-11T11:51:12.3575698-04:00] Watchdog tick OK
[2026-05-11T11:51:20.9846265-04:00] Watchdog tick OK
[2026-05-11T11:53:12.4432279-04:00] Watchdog tick OK
[2026-05-11T11:53:21.1030757-04:00] Watchdog tick OK
[2026-05-11T11:55:12.5199375-04:00] Watchdog tick OK
[2026-05-11T11:55:21.1665289-04:00] Watchdog tick OK
[2026-05-11T11:57:12.6053874-04:00] Watchdog tick OK
[2026-05-11T11:57:21.2866265-04:00] Watchdog tick OK
[2026-05-11T11:59:12.6549344-04:00] Watchdog tick OK
[2026-05-11T11:59:21.3661134-04:00] Watchdog tick OK
[2026-05-11T12:01:12.7331219-04:00] Watchdog tick OK
[2026-05-11T12:01:21.4801666-04:00] Watchdog tick OK
[2026-05-11T12:03:12.8750180-04:00] Watchdog tick OK
[2026-05-11T12:03:21.5727862-04:00] Watchdog tick OK
[2026-05-11T12:05:12.9758292-04:00] Watchdog tick OK
[2026-05-11T12:05:21.6467147-04:00] Watchdog tick OK
[2026-05-11T12:07:13.0587270-04:00] Watchdog tick OK
[2026-05-11T12:07:21.7204421-04:00] Watchdog tick OK
[2026-05-11T12:09:13.1186301-04:00] Watchdog tick OK
[2026-05-11T12:09:21.7922650-04:00] Watchdog tick OK
[2026-05-11T12:11:13.1940063-04:00] Watchdog tick OK
[2026-05-11T12:11:21.8890745-04:00] Watchdog tick OK
[2026-05-11T12:13:13.2708409-04:00] Watchdog tick OK
[2026-05-11T12:13:21.9920609-04:00] Watchdog tick OK
[2026-05-11T12:15:13.3792318-04:00] Watchdog tick OK
[2026-05-11T12:15:22.1488663-04:00] Watchdog tick OK
[2026-05-11T21:38:48.4035587-04:00] Watchdog tick OK
[2026-05-11T21:39:03.5730353-04:00] Watchdog tick OK
[2026-05-11T21:41:03.0079887-04:00] Watchdog tick OK
[2026-05-11T21:43:03.1206053-04:00] Watchdog tick OK
[2026-05-11T21:45:03.2951781-04:00] Watchdog tick OK
[2026-05-11T21:47:03.3871141-04:00] Watchdog tick OK
[2026-05-11T21:49:03.4784194-04:00] Watchdog tick OK
[2026-05-11T21:51:03.5590502-04:00] Watchdog tick OK
[2026-05-11T21:53:03.6940938-04:00] Watchdog tick OK
[2026-05-11T21:55:06.9894636-04:00] Watchdog error: [?2026h[?25l[1Ggathering model components Ôáď [K[?25h[?2026l[?2026h[?25l[1Ggathering model components ÔáÖ [K[?25h[?2026l[?2026h[?25l[1Ggathering model components Ôá¦ [K[?25h[?2026l[?2026h[?25l[1Ggathering model components Ôá© [K[?25h[?2026l[?2026h[?25l[1Ggathering model components Ôá+ [K[?25h[?2026l[?2026h[?25l[1Ggathering model components Ôá¦ [K[?25h[?2026l[?2026h[?25l[1Ggathering model components ÔáŞ [K[?25h[?2026l[?2026h[?25l[1Ggathering model components Ôáş [K[?25h[?2026l[?2026h[?25l[1Ggathering model components Ôáç [K[?25h[?2026l[?2026h[?25l[1Ggathering model components ÔáĹ [K[?25h[?2026l[?2026h[?25l[1Ggathering model components Ôáď [K[?25h[?2026l[?2026h[?25l[1Ggathering model components ÔáÖ [K[?25h[?2026l[?2026h[?25l[1Ggathering model components Ôá¦ [K[?25h[?2026l[?2026h[?25l[1Ggathering model components Ôá© [K[?25h[?2026l[?2026h[?25l[1Ggathering model components Ôá¦ [K[?25h[?2026l[?2026h[?25l[1Ggathering model components Ôá¦ [K[?25h[?2026l[?2026h[?25l[1Ggathering model components ÔáŞ [K[?25h[?2026l[?2026h[?25l[1Ggathering model components Ôáş [K[?25h[?2026l[?2026h[?25l[1Ggathering model components Ôáç [K[?25h[?2026l[?2026h[?25l[1Ggathering model components ÔáĹ [K[?25h[?2026l[?2026h[?25l[1Ggathering model components Ôáď [K[?25h[?2026l[?2026h[?25l[1Ggathering model components ÔáÖ [K[?25h[?2026l[?2026h[?25l[1Ggathering model components Ôá¦ [K[?25h[?2026l[?2026h[?25l[1Ggathering model components Ôá© [K[?25h[?2026l[?2026h[?25l[1Ggathering model components Ôá+ [K[?25h[?2026l[?2026h[?25l[1Ggathering model components Ôá¦ [K[?25h[?2026l[?2026h[?25l[1Ggathering model components ÔáŞ [K[?25h[?2026l[?2026h[?25l[1Ggathering model components Ôáş [K[?25h[?2026l[?2026h[?25l[1Ggathering model components Ôáç [K[?25h[?2026l[?2026h[?25l[1Ggathering model components [K
[2026-05-11T21:57:08.2990909-04:00] Watchdog error: [?2026h[?25l[1Ggathering model components ÔáÖ [K[?25h[?2026l[?2026h[?25l[1Ggathering model components ÔáÖ [K[?25h[?2026l[?2026h[?25l[1Ggathering model components Ôá¦ [K[?25h[?2026l[?2026h[?25l[1Ggathering model components Ôá+ [K[?25h[?2026l[?2026h[?25l[1Ggathering model components Ôá+ [K[?25h[?2026l[?2026h[?25l[1Ggathering model components Ôá¦ [K[?25h[?2026l[?2026h[?25l[1Ggathering model components ÔáŞ [K[?25h[?2026l[?2026h[?25l[1Ggathering model components Ôáç [K[?25h[?2026l[?2026h[?25l[1Ggathering model components Ôáç [K[?25h[?2026l[?2026h[?25l[1Ggathering model components ÔáĹ [K[?25h[?2026l[?2026h[?25l[1Ggathering model components [K
[2026-05-11T21:59:09.8090733-04:00] Watchdog error: [?2026h[?25l[1Ggathering model components Ôáď [K[?25h[?2026l[?2026h[?25l[1Ggathering model components ÔáÖ [K[?25h[?2026l[?2026h[?25l[1Ggathering model components Ôá¦ [K[?25h[?2026l[?2026h[?25l[1Ggathering model components Ôá+ [K[?25h[?2026l[?2026h[?25l[1Ggathering model components Ôá¦ [K[?25h[?2026l[?2026h[?25l[1Ggathering model components ÔáŞ [K[?25h[?2026l[?2026h[?25l[1Ggathering model components Ôáş [K[?25h[?2026l[?2026h[?25l[1Ggathering model components Ôáş [K[?25h[?2026l[?2026h[?25l[1Ggathering model components Ôáç [K[?25h[?2026l[?2026h[?25l[1Ggathering model components ÔáĹ [K[?25h[?2026l[?2026h[?25l[1Ggathering model components Ôáď [K[?25h[?2026l[?2026h[?25l[1Ggathering model components ÔáÖ [K[?25h[?2026l[?2026h[?25l[1Ggathering model components [K
[2026-05-11T22:01:11.1321216-04:00] Watchdog error: [?2026h[?25l[1Ggathering model components ÔáÖ [K[?25h[?2026l[?2026h[?25l[1Ggathering model components ÔáÖ [K[?25h[?2026l[?2026h[?25l[1Ggathering model components Ôá¦ [K[?25h[?2026l[?2026h[?25l[1Ggathering model components Ôá© [K[?25h[?2026l[?2026h[?25l[1Ggathering model components Ôá+ [K[?25h[?2026l[?2026h[?25l[1Ggathering model components Ôá¦ [K[?25h[?2026l[?2026h[?25l[1Ggathering model components ÔáŞ [K[?25h[?2026l[?2026h[?25l[1Ggathering model components Ôáş [K[?25h[?2026l[?2026h[?25l[1Ggathering model components Ôáç [K[?25h[?2026l[?2026h[?25l[1Ggathering model components ÔáĹ [K[?25h[?2026l[?2026h[?25l[1Ggathering model components [K
[2026-05-11T22:03:12.5424571-04:00] Watchdog error: [?2026h[?25l[1Ggathering model components ÔáÖ [K[?25h[?2026l[?2026h[?25l[1Ggathering model components ÔáÖ [K[?25h[?2026l[?2026h[?25l[1Ggathering model components Ôá¦ [K[?25h[?2026l[?2026h[?25l[1Ggathering model components Ôá© [K[?25h[?2026l[?2026h[?25l[1Ggathering model components Ôá+ [K[?25h[?2026l[?2026h[?25l[1Ggathering model components Ôá¦ [K[?25h[?2026l[?2026h[?25l[1Ggathering model components Ôáş [K[?25h[?2026l[?2026h[?25l[1Ggathering model components Ôáş [K[?25h[?2026l[?2026h[?25l[1Ggathering model components Ôáç [K[?25h[?2026l[?2026h[?25l[1Ggathering model components ÔáĹ [K[?25h[?2026l[?2026h[?25l[1Ggathering model components ÔáÖ [K[?25h[?2026l[?2026h[?25l[1Ggathering model components [K
[2026-05-11T22:05:14.6592441-04:00] Watchdog error: [?2026h[?25l[1Ggathering model components Ôáď [K[?25h[?2026l[?2026h[?25l[1Ggathering model components ÔáÖ [K[?25h[?2026l[?2026h[?25l[1Ggathering model components Ôá¦ [K[?25h[?2026l[?2026h[?25l[1Ggathering model components Ôá© [K[?25h[?2026l[?2026h[?25l[1Ggathering model components Ôá+ [K[?25h[?2026l[?2026h[?25l[1Ggathering model components Ôá¦ [K[?25h[?2026l[?2026h[?25l[1Ggathering model components ÔáŞ [K[?25h[?2026l[?2026h[?25l[1Ggathering model components Ôáç [K[?25h[?2026l[?2026h[?25l[1Ggathering model components ÔáĹ [K[?25h[?2026l[?2026h[?25l[1Ggathering model components ÔáĹ [K[?25h[?2026l[?2026h[?25l[1Ggathering model components ÔáÖ [K[?25h[?2026l[?2026h[?25l[1Ggathering model components ÔáÖ [K[?25h[?2026l[?2026h[?25l[1Ggathering model components [K[?25h[?2026l[?2026h[?25l[1Ggathering model components [K
[2026-05-11T22:07:16.1544579-04:00] Watchdog error: [?2026h[?25l[1Ggathering model components Ôáď [K[?25h[?2026l[?2026h[?25l[1Ggathering model components ÔáÖ [K[?25h[?2026l[?2026h[?25l[1Ggathering model components Ôá¦ [K[?25h[?2026l[?2026h[?25l[1Ggathering model components Ôá© [K[?25h[?2026l[?2026h[?25l[1Ggathering model components Ôá+ [K[?25h[?2026l[?2026h[?25l[1Ggathering model components Ôá¦ [K[?25h[?2026l[?2026h[?25l[1Ggathering model components ÔáŞ [K[?25h[?2026l[?2026h[?25l[1Ggathering model components Ôáş [K[?25h[?2026l[?2026h[?25l[1Ggathering model components Ôáç [K[?25h[?2026l[?2026h[?25l[1Ggathering model components [K
[2026-05-11T22:09:16.3846246-04:00] Watchdog tick OK
[2026-05-11T22:11:16.4894290-04:00] Watchdog tick OK
[2026-05-11T22:13:16.6359203-04:00] Watchdog tick OK
[2026-05-11T22:15:16.7504299-04:00] Watchdog tick OK
[2026-05-11T22:17:16.8649590-04:00] Watchdog tick OK
[2026-05-11T22:19:17.0172664-04:00] Watchdog tick OK
[2026-05-11T22:21:17.1522021-04:00] Watchdog tick OK
[2026-05-11T22:23:17.2751830-04:00] Watchdog tick OK
[2026-05-11T22:25:17.3962728-04:00] Watchdog tick OK
[2026-05-11T22:27:17.5436461-04:00] Watchdog tick OK
[2026-05-11T22:29:17.6576549-04:00] Watchdog tick OK
[2026-05-11T22:31:17.7731992-04:00] Watchdog tick OK
[2026-05-11T22:33:17.8871381-04:00] Watchdog tick OK
[2026-05-11T22:35:18.1871193-04:00] Watchdog tick OK
[2026-05-11T22:37:18.2769126-04:00] Watchdog tick OK
[2026-05-11T22:39:18.4352830-04:00] Watchdog tick OK
[2026-05-11T22:41:18.5780373-04:00] Watchdog tick OK
[2026-05-11T22:43:18.6820234-04:00] Watchdog tick OK
[2026-05-11T22:45:18.8046817-04:00] Watchdog tick OK
[2026-05-11T22:47:18.8902612-04:00] Watchdog tick OK
[2026-05-11T22:49:21.9311477-04:00] Watchdog tick OK
[2026-05-11T22:51:24.8112536-04:00] Watchdog tick OK
[2026-05-11T22:53:27.4081596-04:00] Watchdog tick OK
[2026-05-11T22:55:28.2560245-04:00] Watchdog tick OK
[2026-05-11T22:57:28.3290303-04:00] Watchdog tick OK
[2026-05-11T22:59:28.4779493-04:00] Watchdog tick OK
[2026-05-11T23:01:28.5430446-04:00] Watchdog tick OK
[2026-05-12T20:26:04.9614189-04:00] Watchdog error: Este comando no se puede ejecutar porque "RedirectStandardOutput" y "RedirectStandardError" son iguales. Proporcione entradas diferentes y ejecute el comando de nuevo.
[2026-05-12T20:26:05.8969964-04:00] Watchdog error: Este comando no se puede ejecutar porque "RedirectStandardOutput" y "RedirectStandardError" son iguales. Proporcione entradas diferentes y ejecute el comando de nuevo.
[2026-05-12T20:28:19.1699481-04:00] Watchdog tick OK
[2026-05-12T20:28:19.1749919-04:00] Watchdog tick OK
[2026-05-12T20:30:19.3043362-04:00] Watchdog tick OK
[2026-05-12T20:32:19.6820353-04:00] Watchdog tick OK
[2026-05-12T20:32:20.0757328-04:00] Watchdog tick OK
[2026-05-12T20:34:19.7696964-04:00] Watchdog tick OK
[2026-05-12T20:34:20.1376558-04:00] Watchdog tick OK
[2026-05-12T20:36:19.8646557-04:00] Watchdog tick OK
[2026-05-12T20:36:20.3940927-04:00] Watchdog tick OK
[2026-05-12T20:38:19.9641268-04:00] Watchdog tick OK
[2026-05-12T20:38:20.4813580-04:00] Watchdog tick OK
[2026-05-12T20:40:20.1195757-04:00] Watchdog tick OK
[2026-05-12T20:40:20.6032564-04:00] Watchdog tick OK
[2026-05-12T20:42:20.2097663-04:00] Watchdog tick OK
[2026-05-12T20:42:20.6736733-04:00] Watchdog tick OK
[2026-05-12T20:44:20.2766039-04:00] Watchdog tick OK
[2026-05-12T20:44:20.7687641-04:00] Watchdog tick OK
[2026-05-12T20:46:20.3270120-04:00] Watchdog tick OK
[2026-05-12T20:46:20.9174408-04:00] Watchdog tick OK
[2026-05-12T20:48:20.4211057-04:00] Watchdog tick OK
[2026-05-12T20:48:20.9994378-04:00] Watchdog tick OK
[2026-05-12T20:50:20.5906410-04:00] Watchdog tick OK
[2026-05-12T20:50:21.1115914-04:00] Watchdog tick OK
[2026-05-12T20:52:20.6793350-04:00] Watchdog tick OK
[2026-05-12T20:52:21.1823329-04:00] Watchdog tick OK
[2026-05-12T20:54:20.7904918-04:00] Watchdog tick OK
[2026-05-12T20:54:21.3062010-04:00] Watchdog tick OK
[2026-05-12T20:56:20.9055681-04:00] Watchdog tick OK
[2026-05-12T20:56:21.4021031-04:00] Watchdog tick OK
[2026-05-12T20:58:20.9720925-04:00] Watchdog tick OK
[2026-05-12T20:58:21.4563188-04:00] Watchdog tick OK
[2026-05-12T21:00:21.0736265-04:00] Watchdog tick OK
[2026-05-12T21:00:21.5852064-04:00] Watchdog tick OK
[2026-05-12T21:02:21.1638113-04:00] Watchdog tick OK
[2026-05-12T21:02:21.6348742-04:00] Watchdog tick OK
[2026-05-12T21:04:21.2139863-04:00] Watchdog tick OK
[2026-05-12T21:04:21.6748205-04:00] Watchdog tick OK
[2026-05-12T21:06:21.4644662-04:00] Watchdog tick OK
[2026-05-12T21:06:21.8897757-04:00] Watchdog tick OK
[2026-05-12T21:08:21.5207509-04:00] Watchdog tick OK
[2026-05-12T21:08:21.9461703-04:00] Watchdog tick OK
[2026-05-12T21:10:21.6060282-04:00] Watchdog tick OK
[2026-05-12T21:10:22.0329451-04:00] Watchdog tick OK
[2026-05-12T21:12:21.6835060-04:00] Watchdog tick OK
[2026-05-12T21:12:22.0779865-04:00] Watchdog tick OK
[2026-05-12T21:14:21.7865428-04:00] Watchdog tick OK
[2026-05-12T21:14:22.1405518-04:00] Watchdog tick OK
[2026-05-12T21:16:21.8561269-04:00] Watchdog tick OK
[2026-05-12T21:16:22.2183543-04:00] Watchdog tick OK
[2026-05-12T21:18:21.9480007-04:00] Watchdog tick OK
[2026-05-12T21:18:22.3368704-04:00] Watchdog tick OK
[2026-05-12T21:20:21.9997210-04:00] Watchdog tick OK
[2026-05-12T21:20:22.4550356-04:00] Watchdog tick OK
[2026-05-12T21:22:22.1185004-04:00] Watchdog tick OK
[2026-05-12T21:22:22.5345988-04:00] Watchdog tick OK
[2026-05-12T21:24:22.2122892-04:00] Watchdog tick OK
[2026-05-12T21:24:22.6363149-04:00] Watchdog tick OK
[2026-05-12T21:26:22.3212311-04:00] Watchdog tick OK
[2026-05-12T21:26:22.7645978-04:00] Watchdog tick OK
[2026-05-12T21:28:22.9883781-04:00] Watchdog tick OK
[2026-05-12T21:30:23.1698989-04:00] Watchdog tick OK
[2026-05-12T21:30:23.4079671-04:00] Watchdog tick OK
[2026-05-12T21:32:23.4374379-04:00] Watchdog tick OK
[2026-05-12T21:32:23.5980169-04:00] Watchdog tick OK
[2026-05-12T21:34:23.5575863-04:00] Watchdog tick OK
[2026-05-12T21:34:23.6589583-04:00] Watchdog tick OK
[2026-05-12T21:36:23.6783674-04:00] Watchdog tick OK
[2026-05-12T21:36:23.7175877-04:00] Watchdog tick OK
[2026-05-12T21:38:23.7557404-04:00] Watchdog tick OK
[2026-05-12T21:38:23.7902564-04:00] Watchdog tick OK
[2026-05-12T21:40:23.8700835-04:00] Watchdog tick OK
[2026-05-12T21:40:23.9148902-04:00] Watchdog tick OK
[2026-05-12T21:42:23.9706246-04:00] Watchdog tick OK
[2026-05-12T21:42:23.9806714-04:00] Watchdog tick OK
[2026-05-12T21:44:24.0977111-04:00] Watchdog tick OK
[2026-05-12T21:48:26.0697343-04:00] Watchdog tick OK
[2026-05-12T21:50:24.4855671-04:00] Watchdog tick OK
[2026-05-12T21:50:26.1558033-04:00] Watchdog tick OK
[2026-05-12T21:52:24.5667466-04:00] Watchdog tick OK
[2026-05-12T21:52:26.2307246-04:00] Watchdog tick OK
[2026-05-12T21:54:24.6386390-04:00] Watchdog tick OK
[2026-05-12T21:54:26.3134557-04:00] Watchdog tick OK
[2026-05-12T21:56:24.6840937-04:00] Watchdog tick OK
[2026-05-12T21:56:26.3944747-04:00] Watchdog tick OK
[2026-05-12T21:58:24.7346338-04:00] Watchdog tick OK
[2026-05-12T21:58:26.4303259-04:00] Watchdog tick OK
[2026-05-12T22:00:24.7810708-04:00] Watchdog tick OK
[2026-05-12T22:00:26.5629373-04:00] Watchdog tick OK
[2026-05-12T22:02:24.8572239-04:00] Watchdog tick OK
[2026-05-12T22:02:26.6031674-04:00] Watchdog tick OK
[2026-05-12T22:04:24.9075756-04:00] Watchdog tick OK
[2026-05-12T22:04:26.6762371-04:00] Watchdog tick OK
[2026-05-12T22:06:24.9990095-04:00] Watchdog tick OK
[2026-05-12T22:06:26.7409118-04:00] Watchdog tick OK
[2026-05-12T22:08:25.0693451-04:00] Watchdog tick OK
[2026-05-12T22:08:26.9015220-04:00] Watchdog tick OK
[2026-05-12T22:10:25.1799567-04:00] Watchdog tick OK
[2026-05-12T22:10:26.9655278-04:00] Watchdog tick OK
[2026-05-12T22:12:25.2914517-04:00] Watchdog tick OK
[2026-05-12T22:12:27.0387030-04:00] Watchdog tick OK
[2026-05-12T22:14:25.4531242-04:00] Watchdog tick OK
[2026-05-12T22:14:27.1397239-04:00] Watchdog tick OK
[2026-05-12T22:16:25.5945142-04:00] Watchdog tick OK
[2026-05-12T22:16:27.2570328-04:00] Watchdog tick OK
[2026-05-12T22:18:25.7455229-04:00] Watchdog tick OK
[2026-05-12T22:18:27.3580544-04:00] Watchdog tick OK
[2026-05-12T22:38:04.6426201-04:00] Watchdog error: Este comando no se puede ejecutar porque "RedirectStandardOutput" y "RedirectStandardError" son iguales. Proporcione entradas diferentes y ejecute el comando de nuevo.
[2026-05-12T22:38:20.6124860-04:00] Watchdog tick OK
[2026-05-12T22:40:06.7013354-04:00] Watchdog error: Este comando no se puede ejecutar porque "RedirectStandardOutput" y "RedirectStandardError" son iguales. Proporcione entradas diferentes y ejecute el comando de nuevo.
[2026-05-12T22:40:22.6635457-04:00] Watchdog error: Este comando no se puede ejecutar porque "RedirectStandardOutput" y "RedirectStandardError" son iguales. Proporcione entradas diferentes y ejecute el comando de nuevo.
[2026-05-12T22:42:14.7406478-04:00] Watchdog error: Este comando no se puede ejecutar porque "RedirectStandardOutput" y "RedirectStandardError" son iguales. Proporcione entradas diferentes y ejecute el comando de nuevo.
[2026-05-12T22:42:30.5605071-04:00] Watchdog error: Este comando no se puede ejecutar porque "RedirectStandardOutput" y "RedirectStandardError" son iguales. Proporcione entradas diferentes y ejecute el comando de nuevo.
[2026-05-12T22:44:14.7388381-04:00] Watchdog tick OK
[2026-05-12T22:44:30.5941842-04:00] Watchdog tick OK
[2026-05-12T22:46:14.7997953-04:00] Watchdog tick OK
[2026-05-12T22:46:30.6579771-04:00] Watchdog tick OK
[2026-05-12T22:48:14.8390988-04:00] Watchdog tick OK
[2026-05-12T22:48:30.7228021-04:00] Watchdog tick OK
[2026-05-12T22:50:14.8665041-04:00] Watchdog tick OK
[2026-05-12T22:50:30.7751633-04:00] Watchdog tick OK
[2026-05-12T22:52:14.9047646-04:00] Watchdog tick OK
[2026-05-12T22:52:30.7979135-04:00] Watchdog tick OK
[2026-05-12T22:54:14.9429221-04:00] Watchdog tick OK
[2026-05-12T22:54:30.8348743-04:00] Watchdog tick OK
[2026-05-12T22:56:15.0126916-04:00] Watchdog tick OK
[2026-05-12T22:56:30.8714305-04:00] Watchdog tick OK
[2026-05-12T22:58:15.0398710-04:00] Watchdog tick OK
[2026-05-12T22:58:30.9131817-04:00] Watchdog tick OK
[2026-05-13T09:29:02.1444540-04:00] Watchdog error: Este comando no se puede ejecutar porque "RedirectStandardOutput" y "RedirectStandardError" son iguales. Proporcione entradas diferentes y ejecute el comando de nuevo.
[2026-05-13T09:29:31.8265998-04:00] Watchdog error: Este comando no se puede ejecutar porque "RedirectStandardOutput" y "RedirectStandardError" son iguales. Proporcione entradas diferentes y ejecute el comando de nuevo.
[2026-05-13T09:31:13.9321879-04:00] Watchdog tick OK
[2026-05-13T09:31:32.2113281-04:00] Watchdog tick OK
[2026-05-13T09:33:14.0049580-04:00] Watchdog tick OK
[2026-05-13T09:33:32.2678818-04:00] Watchdog tick OK
[2026-05-13T09:35:14.0573097-04:00] Watchdog tick OK
[2026-05-13T09:35:32.3255599-04:00] Watchdog tick OK
[2026-05-13T09:37:14.1423648-04:00] Watchdog tick OK
[2026-05-13T09:37:32.3809138-04:00] Watchdog tick OK
[2026-05-13T09:39:14.2286827-04:00] Watchdog tick OK
[2026-05-13T09:39:32.4538360-04:00] Watchdog tick OK
[2026-05-13T09:41:14.3110259-04:00] Watchdog tick OK
[2026-05-13T09:41:32.5287109-04:00] Watchdog tick OK
[2026-05-13T09:43:14.3751817-04:00] Watchdog tick OK
[2026-05-13T09:43:32.6255586-04:00] Watchdog tick OK
[2026-05-13T09:45:14.4723344-04:00] Watchdog tick OK
[2026-05-13T09:45:32.7200267-04:00] Watchdog tick OK
[2026-05-13T09:47:14.5913493-04:00] Watchdog tick OK
[2026-05-13T09:47:32.8025027-04:00] Watchdog tick OK
[2026-05-13T09:49:14.6603553-04:00] Watchdog tick OK
[2026-05-13T09:49:32.8592358-04:00] Watchdog tick OK
[2026-05-13T09:51:14.7268908-04:00] Watchdog tick OK
[2026-05-13T09:51:32.9693174-04:00] Watchdog tick OK
[2026-05-13T09:53:14.8095235-04:00] Watchdog tick OK
[2026-05-13T09:53:33.0296294-04:00] Watchdog tick OK
[2026-05-13T09:55:14.8662094-04:00] Watchdog tick OK
[2026-05-13T09:55:33.1003893-04:00] Watchdog tick OK
[2026-05-13T09:57:14.9467854-04:00] Watchdog tick OK
[2026-05-13T09:57:33.1712457-04:00] Watchdog tick OK
[2026-05-13T09:59:15.0544671-04:00] Watchdog tick OK
[2026-05-13T09:59:33.2809690-04:00] Watchdog tick OK
[2026-05-13T10:01:15.1241936-04:00] Watchdog tick OK
[2026-05-13T10:01:33.3288248-04:00] Watchdog tick OK
[2026-05-13T10:03:15.1952560-04:00] Watchdog tick OK
[2026-05-13T10:03:33.4071717-04:00] Watchdog tick OK
[2026-05-13T10:05:15.2727538-04:00] Watchdog tick OK
[2026-05-13T10:05:33.4851790-04:00] Watchdog tick OK
[2026-05-13T10:07:15.3430477-04:00] Watchdog tick OK
[2026-05-13T10:07:33.5437065-04:00] Watchdog tick OK
[2026-05-13T10:09:15.4318599-04:00] Watchdog tick OK
[2026-05-13T10:09:33.6222953-04:00] Watchdog tick OK
[2026-05-13T10:11:15.4763235-04:00] Watchdog tick OK
[2026-05-13T10:11:33.7149097-04:00] Watchdog tick OK
[2026-05-13T10:13:15.5486435-04:00] Watchdog tick OK
[2026-05-13T10:13:33.7961577-04:00] Watchdog tick OK
[2026-05-13T10:15:15.6421796-04:00] Watchdog tick OK
[2026-05-13T10:15:33.8408080-04:00] Watchdog tick OK
[2026-05-13T10:17:15.7122561-04:00] Watchdog tick OK
[2026-05-13T10:17:33.9097097-04:00] Watchdog tick OK
[2026-05-13T10:19:16.0042997-04:00] Watchdog tick OK
[2026-05-13T10:19:34.0122836-04:00] Watchdog tick OK
[2026-05-13T10:21:16.0729341-04:00] Watchdog tick OK
[2026-05-13T10:21:34.0764005-04:00] Watchdog tick OK
[2026-05-13T10:23:16.1319237-04:00] Watchdog tick OK
[2026-05-13T10:23:34.1241393-04:00] Watchdog tick OK
[2026-05-13T10:25:16.2391954-04:00] Watchdog tick OK
[2026-05-13T10:25:34.1673284-04:00] Watchdog tick OK
[2026-05-13T10:27:16.2841161-04:00] Watchdog tick OK
[2026-05-13T10:27:34.2607743-04:00] Watchdog tick OK
[2026-05-13T10:29:16.3331374-04:00] Watchdog tick OK
[2026-05-13T10:29:34.3073451-04:00] Watchdog tick OK
[2026-05-13T10:31:16.4354867-04:00] Watchdog tick OK
[2026-05-13T10:31:34.3642243-04:00] Watchdog tick OK
[2026-05-13T10:33:16.5233166-04:00] Watchdog tick OK
[2026-05-13T10:33:34.4288093-04:00] Watchdog tick OK
[2026-05-13T10:35:16.6459150-04:00] Watchdog tick OK
[2026-05-13T10:35:34.5278085-04:00] Watchdog tick OK
[2026-05-13T10:37:16.7452572-04:00] Watchdog tick OK
[2026-05-13T10:37:34.6174474-04:00] Watchdog tick OK
[2026-05-13T10:39:16.8377071-04:00] Watchdog tick OK
[2026-05-13T10:39:34.6748378-04:00] Watchdog tick OK
[2026-05-13T10:41:16.9296719-04:00] Watchdog tick OK
[2026-05-13T10:41:34.7309323-04:00] Watchdog tick OK
[2026-05-13T10:43:16.9985749-04:00] Watchdog tick OK
[2026-05-13T10:43:34.8391414-04:00] Watchdog tick OK
[2026-05-13T10:45:17.0983871-04:00] Watchdog tick OK
[2026-05-13T10:45:34.8989917-04:00] Watchdog tick OK
[2026-05-13T10:47:17.1606074-04:00] Watchdog tick OK
[2026-05-13T10:47:34.9988238-04:00] Watchdog tick OK
[2026-05-13T10:49:17.2184408-04:00] Watchdog tick OK
[2026-05-13T10:49:35.0955683-04:00] Watchdog tick OK
[2026-05-13T10:51:17.2787633-04:00] Watchdog tick OK
[2026-05-13T10:51:35.1684778-04:00] Watchdog tick OK
[2026-05-13T10:53:17.3465158-04:00] Watchdog tick OK
[2026-05-13T10:53:35.2293585-04:00] Watchdog tick OK
[2026-05-13T10:55:17.3886450-04:00] Watchdog tick OK
[2026-05-13T10:55:35.3144282-04:00] Watchdog tick OK
[2026-05-13T10:57:17.4675286-04:00] Watchdog tick OK
[2026-05-13T10:57:35.3732327-04:00] Watchdog tick OK
[2026-05-13T10:59:17.5235390-04:00] Watchdog tick OK
[2026-05-13T10:59:35.4659005-04:00] Watchdog tick OK
[2026-05-13T11:01:17.6007199-04:00] Watchdog tick OK
[2026-05-13T11:01:35.5346998-04:00] Watchdog tick OK
[2026-05-13T11:03:17.6448665-04:00] Watchdog tick OK
[2026-05-13T11:03:35.5780764-04:00] Watchdog tick OK
[2026-05-13T11:05:17.7574594-04:00] Watchdog tick OK
[2026-05-13T11:05:35.6423918-04:00] Watchdog tick OK
[2026-05-13T11:07:17.8177678-04:00] Watchdog tick OK
[2026-05-13T11:07:35.7024571-04:00] Watchdog tick OK
[2026-05-13T11:09:17.9064649-04:00] Watchdog tick OK
[2026-05-13T11:09:35.7840270-04:00] Watchdog tick OK
[2026-05-13T11:11:17.9954760-04:00] Watchdog tick OK
[2026-05-13T11:11:35.8850234-04:00] Watchdog tick OK
[2026-05-13T11:13:18.1118980-04:00] Watchdog tick OK
[2026-05-13T11:13:35.9823162-04:00] Watchdog tick OK
[2026-05-13T11:15:18.1645320-04:00] Watchdog tick OK
[2026-05-13T11:15:36.0731570-04:00] Watchdog tick OK
[2026-05-13T11:17:18.2724466-04:00] Watchdog tick OK
[2026-05-13T11:17:36.1359862-04:00] Watchdog tick OK
[2026-05-13T11:19:18.3223884-04:00] Watchdog tick OK
[2026-05-13T11:19:36.2254031-04:00] Watchdog tick OK
[2026-05-13T11:21:18.3637886-04:00] Watchdog tick OK
[2026-05-13T11:21:36.3650861-04:00] Watchdog tick OK
[2026-05-13T11:23:18.4088790-04:00] Watchdog tick OK
[2026-05-13T11:23:36.4215588-04:00] Watchdog tick OK
[2026-05-13T11:25:18.4853194-04:00] Watchdog tick OK
[2026-05-13T11:25:36.4813702-04:00] Watchdog tick OK
[2026-05-13T11:27:18.5493370-04:00] Watchdog tick OK
[2026-05-13T11:27:36.5713224-04:00] Watchdog tick OK
[2026-05-13T11:29:18.6113234-04:00] Watchdog tick OK
[2026-05-13T11:29:36.6711124-04:00] Watchdog tick OK
[2026-05-13T11:31:18.6747726-04:00] Watchdog tick OK
[2026-05-13T11:31:36.7704440-04:00] Watchdog tick OK
[2026-05-13T11:33:18.7269530-04:00] Watchdog tick OK
[2026-05-13T11:33:36.8214570-04:00] Watchdog tick OK
[2026-05-13T11:35:18.8274435-04:00] Watchdog tick OK
[2026-05-13T11:35:36.8629940-04:00] Watchdog tick OK
[2026-05-13T11:37:18.9060903-04:00] Watchdog tick OK
[2026-05-13T11:37:36.9631740-04:00] Watchdog tick OK
[2026-05-13T11:39:18.9614704-04:00] Watchdog tick OK
[2026-05-13T11:39:37.0137288-04:00] Watchdog tick OK
[2026-05-13T11:41:19.0821597-04:00] Watchdog tick OK
[2026-05-13T11:41:37.1157706-04:00] Watchdog tick OK
[2026-05-13T11:43:19.1696834-04:00] Watchdog tick OK
[2026-05-13T11:43:37.1755662-04:00] Watchdog tick OK
[2026-05-13T11:45:19.2821747-04:00] Watchdog tick OK
[2026-05-13T11:45:37.2377196-04:00] Watchdog tick OK
[2026-05-13T11:47:37.3115469-04:00] Watchdog tick OK
[2026-05-13T11:49:37.3750113-04:00] Watchdog tick OK
[2026-05-13T11:51:37.4363582-04:00] Watchdog tick OK
[2026-05-13T11:53:37.5191429-04:00] Watchdog tick OK
[2026-05-13T11:55:37.5801073-04:00] Watchdog tick OK
[2026-05-13T11:57:37.6475981-04:00] Watchdog tick OK
[2026-05-13T11:59:37.7412519-04:00] Watchdog tick OK
[2026-05-13T12:01:37.8374930-04:00] Watchdog tick OK
[2026-05-13T12:03:37.9451177-04:00] Watchdog tick OK
[2026-05-13T12:05:38.0492550-04:00] Watchdog tick OK
